2018-06-13 12:13:17,816 [Worker-1] INFO  c.g.t.t.d.PublishedGradleVersions - Gradle version information cache is up-to-date. Trying to read.
2018-06-13 12:15:19,988 [Worker-4] INFO  o.e.m.c.i.p.ProjectConfigurationManager - Collecting project info '/pom.xml' C:\Users\migui\Desktop\Login-Prueba\myapplication\pom.xml
2018-06-13 12:15:26,614 [Worker-4] INFO  o.e.m.c.i.l.LifecycleMappingFactory - Using org.maven.ide.eclipse.wtp.WarLifecycleMapping lifecycle mapping for MavenProject: com.example:myapplication:1.0-SNAPSHOT @ C:\Users\migui\Desktop\Login-Prueba\myapplication\pom.xml.
2018-06-13 12:15:36,378 [Worker-4] INFO  o.e.m.j.i.AbstractJavaProjectConfigurator - Adding source folder /myapplication/src/main/java
2018-06-13 12:15:36,378 [Worker-4] INFO  o.e.m.j.i.AbstractJavaProjectConfigurator - Adding resource folder /myapplication/src/main/resources
2018-06-13 12:15:36,409 [Worker-4] INFO  o.e.m.j.i.AbstractJavaProjectConfigurator - Adding source folder /myapplication/src/test/java
2018-06-13 12:15:40,086 [Worker-4] INFO  o.e.m.c.i.p.ProjectConfigurationManager - Imported and configured 1 project(s) in 20 sec
2018-06-13 12:15:42,959 [Worker-2] INFO  o.e.m.c.i.embedder.EclipseLogger - Updating theme VAADIN\themes\mytheme
2018-06-13 12:15:43,535 [Thread-11] INFO  o.e.m.c.i.embedder.EclipseLogger - Widgetsets found from classpath:
2018-06-13 12:15:43,535 [Thread-11] INFO  o.e.m.c.i.embedder.EclipseLogger - Addon styles found from classpath:
2018-06-13 12:15:43,535 [Thread-11] INFO  o.e.m.c.i.embedder.EclipseLogger - 
2018-06-13 12:15:43,535 [Thread-11] INFO  o.e.m.c.i.embedder.EclipseLogger - Search took 15ms
2018-06-13 12:15:43,567 [Worker-2] INFO  o.e.m.c.i.embedder.EclipseLogger - Theme "VAADIN\themes\mytheme" updated
2018-06-13 12:15:43,582 [Worker-2] WARN  o.e.m.c.i.embedder.EclipseLogger - GWT plugin is configured to detect modules, but none were found.
2018-06-13 12:15:43,603 [Worker-2] INFO  o.e.m.c.i.embedder.EclipseLogger - No widgetsets found - generating AppWidgetset if necessary.
2018-06-13 12:15:43,611 [Worker-2] INFO  o.e.m.c.i.embedder.EclipseLogger - Updating widgetset AppWidgetset
2018-06-13 12:15:43,613 [Worker-2] INFO  o.e.m.c.i.embedder.EclipseLogger - Adding resource directory to command classpath: C:\Users\migui\Desktop\Login-Prueba\myapplication\src\main\resources
2018-06-13 12:15:43,613 [Worker-2] INFO  o.e.m.c.i.embedder.EclipseLogger - Adding resource directory to command classpath: C:\Users\migui\Desktop\Login-Prueba\myapplication\target\generated-resources\gwt
2018-06-13 12:15:43,613 [Worker-2] INFO  o.e.m.c.i.embedder.EclipseLogger - Using com.vaadin:vaadin-client version 8.4.3
2018-06-13 12:15:44,199 [Worker-2] INFO  o.e.m.c.i.embedder.EclipseLogger - Using com.vaadin:vaadin-client-compiler version 8.4.3
2018-06-13 12:15:47,629 [Thread-13] INFO  o.e.m.c.i.embedder.EclipseLogger - Widgetsets found from classpath:
2018-06-13 12:15:47,629 [Thread-13] INFO  o.e.m.c.i.embedder.EclipseLogger - 	com.vaadin.DefaultWidgetSet in jar:file:C:/Users/migui/.m2/repository/com/vaadin/vaadin-client/8.4.3/vaadin-client-8.4.3.jar!/
2018-06-13 12:15:47,629 [Thread-13] INFO  o.e.m.c.i.embedder.EclipseLogger - Addon styles found from classpath:
2018-06-13 12:15:47,629 [Thread-13] INFO  o.e.m.c.i.embedder.EclipseLogger - 
2018-06-13 12:15:47,629 [Thread-13] INFO  o.e.m.c.i.embedder.EclipseLogger - Search took 15ms
2018-06-13 12:15:47,661 [Worker-2] INFO  o.e.m.c.i.embedder.EclipseLogger - Updating theme VAADIN\themes\mytheme
2018-06-13 12:15:51,219 [Worker-2] INFO  o.e.m.c.i.embedder.EclipseLogger - Theme "VAADIN\themes\mytheme" compiled
2018-06-13 12:15:51,246 [Worker-2] INFO  o.e.m.c.i.embedder.EclipseLogger - Using 'UTF-8' encoding to copy filtered resources.
2018-06-13 12:15:51,246 [Worker-2] INFO  o.e.m.c.i.embedder.EclipseLogger - Copying 1 resource
2018-06-13 12:15:51,262 [Worker-2] INFO  o.e.m.c.i.embedder.EclipseLogger - Copying 0 resource
2018-06-13 12:15:51,278 [Worker-2] WARN  o.e.m.c.i.embedder.EclipseLogger - GWT plugin is configured to detect modules, but none were found.
2018-06-13 12:15:51,293 [Worker-2] INFO  o.e.m.c.i.embedder.EclipseLogger - Using com.vaadin:vaadin-client version 8.4.3
2018-06-13 12:15:51,309 [Worker-2] INFO  o.e.m.c.i.embedder.EclipseLogger - Using com.vaadin:vaadin-client-compiler version 8.4.3
2018-06-13 12:15:51,356 [Worker-2] INFO  o.e.m.c.i.embedder.EclipseLogger - Using 'UTF-8' encoding to copy filtered resources.
2018-06-13 12:15:51,356 [Worker-2] INFO  o.e.m.c.i.embedder.EclipseLogger - skip non existing resourceDirectory C:\Users\migui\Desktop\Login-Prueba\myapplication\src\test\resources
2018-06-13 12:16:05,488 [Worker-15] WARN  o.e.m.c.i.embedder.EclipseLogger - GWT plugin is configured to detect modules, but none were found.
2018-06-13 12:16:05,504 [Worker-15] INFO  o.e.m.c.i.embedder.EclipseLogger - No widgetsets found - generating AppWidgetset if necessary.
2018-06-13 12:16:05,504 [Worker-15] INFO  o.e.m.c.i.embedder.EclipseLogger - Updating widgetset AppWidgetset
2018-06-13 12:16:05,504 [Worker-15] INFO  o.e.m.c.i.embedder.EclipseLogger - Adding resource directory to command classpath: C:\Users\migui\Desktop\Login-Prueba\myapplication\src\main\resources
2018-06-13 12:16:05,504 [Worker-15] INFO  o.e.m.c.i.embedder.EclipseLogger - Adding resource directory to command classpath: C:\Users\migui\Desktop\Login-Prueba\myapplication\target\generated-resources\gwt
2018-06-13 12:16:05,504 [Worker-15] INFO  o.e.m.c.i.embedder.EclipseLogger - Using com.vaadin:vaadin-client version 8.4.3
2018-06-13 12:16:05,520 [Worker-15] INFO  o.e.m.c.i.embedder.EclipseLogger - Using com.vaadin:vaadin-client-compiler version 8.4.3
2018-06-13 12:16:07,788 [Thread-18] INFO  o.e.m.c.i.embedder.EclipseLogger - Widgetsets found from classpath:
2018-06-13 12:16:07,788 [Thread-18] INFO  o.e.m.c.i.embedder.EclipseLogger - 	com.vaadin.DefaultWidgetSet in jar:file:C:/Users/migui/.m2/repository/com/vaadin/vaadin-client/8.4.3/vaadin-client-8.4.3.jar!/
2018-06-13 12:16:07,820 [Thread-18] INFO  o.e.m.c.i.embedder.EclipseLogger - Addon styles found from classpath:
2018-06-13 12:16:07,835 [Thread-18] INFO  o.e.m.c.i.embedder.EclipseLogger - 
2018-06-13 12:16:07,851 [Thread-18] INFO  o.e.m.c.i.embedder.EclipseLogger - Search took 31ms
2018-06-13 12:16:07,867 [Worker-15] INFO  o.e.m.c.i.embedder.EclipseLogger - Using 'UTF-8' encoding to copy filtered resources.
2018-06-13 12:16:07,882 [Worker-15] INFO  o.e.m.c.i.embedder.EclipseLogger - Copying 0 resource
2018-06-13 12:16:07,882 [Worker-15] INFO  o.e.m.c.i.embedder.EclipseLogger - Copying 0 resource
2018-06-13 12:16:07,882 [Worker-15] INFO  o.e.m.c.i.embedder.EclipseLogger - Using 'UTF-8' encoding to copy filtered resources.
2018-06-13 12:16:07,882 [Worker-15] INFO  o.e.m.c.i.embedder.EclipseLogger - skip non existing resourceDirectory C:\Users\migui\Desktop\Login-Prueba\myapplication\src\test\resources
2018-06-13 12:16:39,207 [Worker-15] INFO  o.e.m.c.i.embedder.EclipseLogger - Using 'UTF-8' encoding to copy filtered resources.
2018-06-13 12:16:39,207 [Worker-15] INFO  o.e.m.c.i.embedder.EclipseLogger - Copying 1 resource
2018-06-13 12:16:39,223 [Worker-15] INFO  o.e.m.c.i.embedder.EclipseLogger - Using 'UTF-8' encoding to copy filtered resources.
2018-06-13 12:16:39,223 [Worker-15] INFO  o.e.m.c.i.embedder.EclipseLogger - skip non existing resourceDirectory C:\Users\migui\Desktop\Login-Prueba\myapplication\src\test\resources
2018-06-13 12:16:39,457 [Worker-15] INFO  o.e.m.c.i.embedder.EclipseLogger - Using 'UTF-8' encoding to copy filtered resources.
2018-06-13 12:16:39,457 [Worker-15] INFO  o.e.m.c.i.embedder.EclipseLogger - Copying 2 resources
2018-06-13 12:16:39,473 [Worker-15] INFO  o.e.m.c.i.embedder.EclipseLogger - Using 'UTF-8' encoding to copy filtered resources.
2018-06-13 12:16:39,473 [Worker-15] INFO  o.e.m.c.i.embedder.EclipseLogger - skip non existing resourceDirectory C:\Users\migui\Desktop\Login-Prueba\myapplication\src\test\resources
2018-06-13 12:16:44,582 [Worker-9] INFO  o.e.m.c.i.embedder.EclipseLogger - Using 'UTF-8' encoding to copy filtered resources.
2018-06-13 12:16:44,582 [Worker-9] INFO  o.e.m.c.i.embedder.EclipseLogger - Copying 0 resource
2018-06-13 12:16:44,597 [Worker-9] INFO  o.e.m.c.i.embedder.EclipseLogger - Using 'UTF-8' encoding to copy filtered resources.
2018-06-13 12:16:44,597 [Worker-9] INFO  o.e.m.c.i.embedder.EclipseLogger - skip non existing resourceDirectory C:\Users\migui\Desktop\Login-Prueba\myapplication\src\test\resources
2018-06-13 12:16:45,676 [Worker-11] INFO  o.e.m.c.i.embedder.EclipseLogger - Using 'UTF-8' encoding to copy filtered resources.
2018-06-13 12:16:45,691 [Worker-11] INFO  o.e.m.c.i.embedder.EclipseLogger - Copying 0 resource
2018-06-13 12:16:45,707 [Worker-11] INFO  o.e.m.c.i.embedder.EclipseLogger - Using 'UTF-8' encoding to copy filtered resources.
2018-06-13 12:16:45,707 [Worker-11] INFO  o.e.m.c.i.embedder.EclipseLogger - skip non existing resourceDirectory C:\Users\migui\Desktop\Login-Prueba\myapplication\src\test\resources
2018-06-13 12:16:47,941 [Worker-3] INFO  o.e.m.c.i.embedder.EclipseLogger - Using 'UTF-8' encoding to copy filtered resources.
2018-06-13 12:16:47,941 [Worker-3] INFO  o.e.m.c.i.embedder.EclipseLogger - Copying 2 resources
2018-06-13 12:16:47,956 [Worker-3] INFO  o.e.m.c.i.embedder.EclipseLogger - Using 'UTF-8' encoding to copy filtered resources.
2018-06-13 12:16:47,956 [Worker-3] INFO  o.e.m.c.i.embedder.EclipseLogger - skip non existing resourceDirectory C:\Users\migui\Desktop\Login-Prueba\myapplication\src\test\resources
2018-06-13 12:16:52,644 [Worker-15] INFO  o.e.m.c.i.embedder.EclipseLogger - Using 'UTF-8' encoding to copy filtered resources.
2018-06-13 12:16:52,660 [Worker-15] INFO  o.e.m.c.i.embedder.EclipseLogger - Copying 0 resource
2018-06-13 12:16:52,676 [Worker-15] INFO  o.e.m.c.i.embedder.EclipseLogger - Using 'UTF-8' encoding to copy filtered resources.
2018-06-13 12:16:52,676 [Worker-15] INFO  o.e.m.c.i.embedder.EclipseLogger - skip non existing resourceDirectory C:\Users\migui\Desktop\Login-Prueba\myapplication\src\test\resources
2018-06-13 12:16:56,325 [Worker-7] INFO  o.e.m.c.i.embedder.EclipseLogger - Using 'UTF-8' encoding to copy filtered resources.
2018-06-13 12:16:56,325 [Worker-7] INFO  o.e.m.c.i.embedder.EclipseLogger - Copying 0 resource
2018-06-13 12:16:56,325 [Worker-7] INFO  o.e.m.c.i.embedder.EclipseLogger - Using 'UTF-8' encoding to copy filtered resources.
2018-06-13 12:16:56,325 [Worker-7] INFO  o.e.m.c.i.embedder.EclipseLogger - skip non existing resourceDirectory C:\Users\migui\Desktop\Login-Prueba\myapplication\src\test\resources
2018-06-13 12:16:58,463 [Worker-7] INFO  o.e.m.c.i.embedder.EclipseLogger - Using 'UTF-8' encoding to copy filtered resources.
2018-06-13 12:16:58,510 [Worker-7] INFO  o.e.m.c.i.embedder.EclipseLogger - Copying 2 resources
2018-06-13 12:16:58,526 [Worker-7] INFO  o.e.m.c.i.embedder.EclipseLogger - Using 'UTF-8' encoding to copy filtered resources.
2018-06-13 12:16:58,526 [Worker-7] INFO  o.e.m.c.i.embedder.EclipseLogger - skip non existing resourceDirectory C:\Users\migui\Desktop\Login-Prueba\myapplication\src\test\resources
2018-06-13 12:17:01,050 [Worker-4] INFO  o.e.m.c.i.embedder.EclipseLogger - Using 'UTF-8' encoding to copy filtered resources.
2018-06-13 12:17:01,050 [Worker-4] INFO  o.e.m.c.i.embedder.EclipseLogger - Copying 2 resources
2018-06-13 12:17:01,050 [Worker-4] INFO  o.e.m.c.i.embedder.EclipseLogger - Using 'UTF-8' encoding to copy filtered resources.
2018-06-13 12:17:01,050 [Worker-4] INFO  o.e.m.c.i.embedder.EclipseLogger - skip non existing resourceDirectory C:\Users\migui\Desktop\Login-Prueba\myapplication\src\test\resources
2018-06-13 12:18:49,192 [Worker-0] INFO  o.e.m.c.i.embedder.EclipseLogger - Using 'UTF-8' encoding to copy filtered resources.
2018-06-13 12:18:49,208 [Worker-0] INFO  o.e.m.c.i.embedder.EclipseLogger - Copying 1 resource
2018-06-13 12:18:49,208 [Worker-0] INFO  o.e.m.c.i.embedder.EclipseLogger - Using 'UTF-8' encoding to copy filtered resources.
2018-06-13 12:18:49,208 [Worker-0] INFO  o.e.m.c.i.embedder.EclipseLogger - skip non existing resourceDirectory C:\Users\migui\Desktop\Login-Prueba\myapplication\src\test\resources
2018-06-13 12:19:07,738 [Worker-9] INFO  o.e.m.c.i.embedder.EclipseLogger - Using 'UTF-8' encoding to copy filtered resources.
2018-06-13 12:19:07,738 [Worker-9] INFO  o.e.m.c.i.embedder.EclipseLogger - Copying 2 resources
2018-06-13 12:19:07,754 [Worker-9] INFO  o.e.m.c.i.embedder.EclipseLogger - Using 'UTF-8' encoding to copy filtered resources.
2018-06-13 12:19:07,754 [Worker-9] INFO  o.e.m.c.i.embedder.EclipseLogger - skip non existing resourceDirectory C:\Users\migui\Desktop\Login-Prueba\myapplication\src\test\resources
2018-06-13 12:24:11,298 [Worker-1] INFO  c.g.t.t.d.PublishedGradleVersions - Gradle version information cache is up-to-date. Trying to read.
2018-06-13 12:24:25,426 [Worker-7] INFO  o.e.m.c.i.l.LifecycleMappingFactory - Using org.maven.ide.eclipse.wtp.WarLifecycleMapping lifecycle mapping for MavenProject: com.example:myapplication:1.0-SNAPSHOT @ C:\Users\migui\Desktop\Login-Prueba\myapplication\pom.xml.
2018-06-13 12:24:26,187 [Worker-8] INFO  o.e.m.c.i.l.LifecycleMappingFactory - Using org.maven.ide.eclipse.wtp.WarLifecycleMapping lifecycle mapping for MavenProject: com.example:myapplication:1.0-SNAPSHOT @ C:\Users\migui\Desktop\Login-Prueba\myapplication\pom.xml.
2018-06-13 12:24:33,063 [Worker-8] INFO  o.e.m.c.i.embedder.EclipseLogger - Updating theme VAADIN\themes\mytheme
2018-06-13 12:24:33,560 [Thread-11] INFO  o.e.m.c.i.embedder.EclipseLogger - Widgetsets found from classpath:
2018-06-13 12:24:33,560 [Thread-11] INFO  o.e.m.c.i.embedder.EclipseLogger - Addon styles found from classpath:
2018-06-13 12:24:33,562 [Thread-11] INFO  o.e.m.c.i.embedder.EclipseLogger - 
2018-06-13 12:24:33,562 [Thread-11] INFO  o.e.m.c.i.embedder.EclipseLogger - Search took 27ms
2018-06-13 12:24:33,626 [Worker-8] INFO  o.e.m.c.i.embedder.EclipseLogger - Theme "VAADIN\themes\mytheme" updated
2018-06-13 12:24:33,663 [Worker-8] WARN  o.e.m.c.i.embedder.EclipseLogger - GWT plugin is configured to detect modules, but none were found.
2018-06-13 12:24:33,675 [Worker-8] INFO  o.e.m.c.i.embedder.EclipseLogger - No widgetsets found - generating AppWidgetset if necessary.
2018-06-13 12:24:33,680 [Worker-8] INFO  o.e.m.c.i.embedder.EclipseLogger - Updating widgetset AppWidgetset
2018-06-13 12:24:33,681 [Worker-8] INFO  o.e.m.c.i.embedder.EclipseLogger - Adding resource directory to command classpath: C:\Users\migui\Desktop\Login-Prueba\myapplication\src\main\resources
2018-06-13 12:24:33,681 [Worker-8] INFO  o.e.m.c.i.embedder.EclipseLogger - Adding resource directory to command classpath: C:\Users\migui\Desktop\Login-Prueba\myapplication\target\generated-resources\gwt
2018-06-13 12:24:33,684 [Worker-8] INFO  o.e.m.c.i.embedder.EclipseLogger - Using com.vaadin:vaadin-client version 8.4.3
2018-06-13 12:24:33,953 [Worker-8] INFO  o.e.m.c.i.embedder.EclipseLogger - Using com.vaadin:vaadin-client-compiler version 8.4.3
2018-06-13 12:24:36,446 [Thread-13] INFO  o.e.m.c.i.embedder.EclipseLogger - Widgetsets found from classpath:
2018-06-13 12:24:36,446 [Thread-13] INFO  o.e.m.c.i.embedder.EclipseLogger - 	com.vaadin.DefaultWidgetSet in jar:file:C:/Users/migui/.m2/repository/com/vaadin/vaadin-client/8.4.3/vaadin-client-8.4.3.jar!/
2018-06-13 12:24:36,446 [Thread-13] INFO  o.e.m.c.i.embedder.EclipseLogger - Addon styles found from classpath:
2018-06-13 12:24:36,446 [Thread-13] INFO  o.e.m.c.i.embedder.EclipseLogger - 
2018-06-13 12:24:36,456 [Thread-13] INFO  o.e.m.c.i.embedder.EclipseLogger - Search took 9ms
2018-06-13 12:24:36,497 [Worker-8] INFO  o.e.m.c.i.embedder.EclipseLogger - Updating theme VAADIN\themes\mytheme
2018-06-13 12:24:39,842 [Worker-8] INFO  o.e.m.c.i.embedder.EclipseLogger - Theme "VAADIN\themes\mytheme" compiled
2018-06-13 12:24:39,993 [Worker-8] INFO  o.e.m.c.i.embedder.EclipseLogger - Using 'UTF-8' encoding to copy filtered resources.
2018-06-13 12:24:40,005 [Worker-8] INFO  o.e.m.c.i.embedder.EclipseLogger - Copying 1 resource
2018-06-13 12:24:40,029 [Worker-8] INFO  o.e.m.c.i.embedder.EclipseLogger - Copying 0 resource
2018-06-13 12:24:40,056 [Worker-8] WARN  o.e.m.c.i.embedder.EclipseLogger - GWT plugin is configured to detect modules, but none were found.
2018-06-13 12:24:40,070 [Worker-8] INFO  o.e.m.c.i.embedder.EclipseLogger - Using com.vaadin:vaadin-client version 8.4.3
2018-06-13 12:24:40,093 [Worker-8] INFO  o.e.m.c.i.embedder.EclipseLogger - Using com.vaadin:vaadin-client-compiler version 8.4.3
2018-06-13 12:24:40,153 [Worker-8] INFO  o.e.m.c.i.embedder.EclipseLogger - Using 'UTF-8' encoding to copy filtered resources.
2018-06-13 12:24:40,154 [Worker-8] INFO  o.e.m.c.i.embedder.EclipseLogger - skip non existing resourceDirectory C:\Users\migui\Desktop\Login-Prueba\myapplication\src\test\resources
2018-06-13 12:24:42,542 [Worker-12] INFO  o.e.m.c.i.l.LifecycleMappingFactory - Using org.maven.ide.eclipse.wtp.WarLifecycleMapping lifecycle mapping for MavenProject: com.example:myapplication:1.0-SNAPSHOT @ C:\Users\migui\Desktop\Login-Prueba\myapplication\pom.xml.
2018-06-13 12:24:43,869 [Worker-21] INFO  o.e.m.c.i.embedder.EclipseLogger - Using 'UTF-8' encoding to copy filtered resources.
2018-06-13 12:24:43,873 [Worker-21] INFO  o.e.m.c.i.embedder.EclipseLogger - Copying 0 resource
2018-06-13 12:24:45,139 [Worker-21] INFO  o.e.m.c.i.embedder.EclipseLogger - Using 'UTF-8' encoding to copy filtered resources.
2018-06-13 12:24:45,149 [Worker-21] INFO  o.e.m.c.i.embedder.EclipseLogger - skip non existing resourceDirectory C:\Users\migui\Desktop\Login-Prueba\myapplication\src\test\resources
2018-06-13 12:26:38,159 [Worker-12] INFO  o.e.m.c.i.embedder.EclipseLogger - Using 'UTF-8' encoding to copy filtered resources.
2018-06-13 12:26:38,160 [Worker-12] INFO  o.e.m.c.i.embedder.EclipseLogger - Copying 1 resource
2018-06-13 12:26:38,190 [Worker-12] INFO  o.e.m.c.i.embedder.EclipseLogger - Using 'UTF-8' encoding to copy filtered resources.
2018-06-13 12:26:38,197 [Worker-12] INFO  o.e.m.c.i.embedder.EclipseLogger - skip non existing resourceDirectory C:\Users\migui\Desktop\Login-Prueba\myapplication\src\test\resources
2018-06-13 12:26:38,501 [Worker-10] INFO  o.e.m.c.i.embedder.EclipseLogger - Using 'UTF-8' encoding to copy filtered resources.
2018-06-13 12:26:38,503 [Worker-10] INFO  o.e.m.c.i.embedder.EclipseLogger - Copying 2 resources
2018-06-13 12:26:38,506 [Worker-10] INFO  o.e.m.c.i.embedder.EclipseLogger - Using 'UTF-8' encoding to copy filtered resources.
2018-06-13 12:26:38,506 [Worker-10] INFO  o.e.m.c.i.embedder.EclipseLogger - skip non existing resourceDirectory C:\Users\migui\Desktop\Login-Prueba\myapplication\src\test\resources
2018-06-13 12:26:43,082 [Worker-4] INFO  o.e.m.c.i.embedder.EclipseLogger - Using 'UTF-8' encoding to copy filtered resources.
2018-06-13 12:26:43,084 [Worker-4] INFO  o.e.m.c.i.embedder.EclipseLogger - Copying 2 resources
2018-06-13 12:26:43,086 [Worker-4] INFO  o.e.m.c.i.embedder.EclipseLogger - Using 'UTF-8' encoding to copy filtered resources.
2018-06-13 12:26:43,087 [Worker-4] INFO  o.e.m.c.i.embedder.EclipseLogger - skip non existing resourceDirectory C:\Users\migui\Desktop\Login-Prueba\myapplication\src\test\resources
2018-06-13 12:26:48,493 [Worker-5] INFO  o.e.m.c.i.embedder.EclipseLogger - Using 'UTF-8' encoding to copy filtered resources.
2018-06-13 12:26:48,506 [Worker-5] INFO  o.e.m.c.i.embedder.EclipseLogger - Copying 2 resources
2018-06-13 12:26:48,520 [Worker-5] INFO  o.e.m.c.i.embedder.EclipseLogger - Using 'UTF-8' encoding to copy filtered resources.
2018-06-13 12:26:48,521 [Worker-5] INFO  o.e.m.c.i.embedder.EclipseLogger - skip non existing resourceDirectory C:\Users\migui\Desktop\Login-Prueba\myapplication\src\test\resources
2018-06-13 12:26:49,703 [Worker-1] INFO  o.e.m.c.i.embedder.EclipseLogger - Using 'UTF-8' encoding to copy filtered resources.
2018-06-13 12:26:49,706 [Worker-1] INFO  o.e.m.c.i.embedder.EclipseLogger - Copying 2 resources
2018-06-13 12:26:49,709 [Worker-1] INFO  o.e.m.c.i.embedder.EclipseLogger - Using 'UTF-8' encoding to copy filtered resources.
2018-06-13 12:26:49,709 [Worker-1] INFO  o.e.m.c.i.embedder.EclipseLogger - skip non existing resourceDirectory C:\Users\migui\Desktop\Login-Prueba\myapplication\src\test\resources
2018-06-13 12:27:42,220 [Worker-15] INFO  o.e.m.c.i.embedder.EclipseLogger - Using 'UTF-8' encoding to copy filtered resources.
2018-06-13 12:27:42,232 [Worker-15] INFO  o.e.m.c.i.embedder.EclipseLogger - Copying 3 resources
2018-06-13 12:27:42,255 [Worker-15] INFO  o.e.m.c.i.embedder.EclipseLogger - Using 'UTF-8' encoding to copy filtered resources.
2018-06-13 12:27:42,256 [Worker-15] INFO  o.e.m.c.i.embedder.EclipseLogger - skip non existing resourceDirectory C:\Users\migui\Desktop\Login-Prueba\myapplication\src\test\resources
2018-06-13 12:27:44,531 [Worker-20] INFO  o.e.m.c.i.embedder.EclipseLogger - Using 'UTF-8' encoding to copy filtered resources.
2018-06-13 12:27:44,533 [Worker-20] INFO  o.e.m.c.i.embedder.EclipseLogger - Copying 3 resources
2018-06-13 12:27:44,538 [Worker-20] INFO  o.e.m.c.i.embedder.EclipseLogger - Using 'UTF-8' encoding to copy filtered resources.
2018-06-13 12:27:44,539 [Worker-20] INFO  o.e.m.c.i.embedder.EclipseLogger - skip non existing resourceDirectory C:\Users\migui\Desktop\Login-Prueba\myapplication\src\test\resources
2018-06-13 12:27:45,645 [Worker-6] INFO  o.e.m.c.i.embedder.EclipseLogger - Using 'UTF-8' encoding to copy filtered resources.
2018-06-13 12:27:45,695 [Worker-6] INFO  o.e.m.c.i.embedder.EclipseLogger - Copying 3 resources
2018-06-13 12:27:45,720 [Worker-6] INFO  o.e.m.c.i.embedder.EclipseLogger - Using 'UTF-8' encoding to copy filtered resources.
2018-06-13 12:27:45,720 [Worker-6] INFO  o.e.m.c.i.embedder.EclipseLogger - skip non existing resourceDirectory C:\Users\migui\Desktop\Login-Prueba\myapplication\src\test\resources
2018-06-13 12:27:48,311 [Worker-12] INFO  o.e.m.c.i.embedder.EclipseLogger - Using 'UTF-8' encoding to copy filtered resources.
2018-06-13 12:27:48,314 [Worker-12] INFO  o.e.m.c.i.embedder.EclipseLogger - Copying 3 resources
2018-06-13 12:27:48,323 [Worker-12] INFO  o.e.m.c.i.embedder.EclipseLogger - Using 'UTF-8' encoding to copy filtered resources.
2018-06-13 12:27:48,324 [Worker-12] INFO  o.e.m.c.i.embedder.EclipseLogger - skip non existing resourceDirectory C:\Users\migui\Desktop\Login-Prueba\myapplication\src\test\resources
2018-06-13 12:28:26,901 [Worker-3] INFO  o.e.m.c.i.embedder.EclipseLogger - Using 'UTF-8' encoding to copy filtered resources.
2018-06-13 12:28:26,911 [Worker-3] INFO  o.e.m.c.i.embedder.EclipseLogger - Copying 4 resources
2018-06-13 12:28:26,924 [Worker-3] INFO  o.e.m.c.i.embedder.EclipseLogger - Using 'UTF-8' encoding to copy filtered resources.
2018-06-13 12:28:26,925 [Worker-3] INFO  o.e.m.c.i.embedder.EclipseLogger - skip non existing resourceDirectory C:\Users\migui\Desktop\Login-Prueba\myapplication\src\test\resources
2018-06-13 12:28:29,093 [Worker-8] INFO  o.e.m.c.i.embedder.EclipseLogger - Using 'UTF-8' encoding to copy filtered resources.
2018-06-13 12:28:29,096 [Worker-8] INFO  o.e.m.c.i.embedder.EclipseLogger - Copying 4 resources
2018-06-13 12:28:29,099 [Worker-8] INFO  o.e.m.c.i.embedder.EclipseLogger - Using 'UTF-8' encoding to copy filtered resources.
2018-06-13 12:28:29,099 [Worker-8] INFO  o.e.m.c.i.embedder.EclipseLogger - skip non existing resourceDirectory C:\Users\migui\Desktop\Login-Prueba\myapplication\src\test\resources
2018-06-13 12:28:31,348 [Worker-21] INFO  o.e.m.c.i.embedder.EclipseLogger - Using 'UTF-8' encoding to copy filtered resources.
2018-06-13 12:28:31,422 [Worker-21] INFO  o.e.m.c.i.embedder.EclipseLogger - Copying 4 resources
2018-06-13 12:28:31,448 [Worker-21] INFO  o.e.m.c.i.embedder.EclipseLogger - Using 'UTF-8' encoding to copy filtered resources.
2018-06-13 12:28:31,449 [Worker-21] INFO  o.e.m.c.i.embedder.EclipseLogger - skip non existing resourceDirectory C:\Users\migui\Desktop\Login-Prueba\myapplication\src\test\resources
2018-06-13 12:28:32,544 [Worker-16] INFO  o.e.m.c.i.embedder.EclipseLogger - Using 'UTF-8' encoding to copy filtered resources.
2018-06-13 12:28:32,547 [Worker-16] INFO  o.e.m.c.i.embedder.EclipseLogger - Copying 4 resources
2018-06-13 12:28:32,550 [Worker-16] INFO  o.e.m.c.i.embedder.EclipseLogger - Using 'UTF-8' encoding to copy filtered resources.
2018-06-13 12:28:32,550 [Worker-16] INFO  o.e.m.c.i.embedder.EclipseLogger - skip non existing resourceDirectory C:\Users\migui\Desktop\Login-Prueba\myapplication\src\test\resources
2018-06-13 12:30:06,506 [Worker-13] INFO  o.e.m.c.i.embedder.EclipseLogger - Using 'UTF-8' encoding to copy filtered resources.
2018-06-13 12:30:06,513 [Worker-13] INFO  o.e.m.c.i.embedder.EclipseLogger - Copying 5 resources
2018-06-13 12:30:06,526 [Worker-13] INFO  o.e.m.c.i.embedder.EclipseLogger - Using 'UTF-8' encoding to copy filtered resources.
2018-06-13 12:30:06,526 [Worker-13] INFO  o.e.m.c.i.embedder.EclipseLogger - skip non existing resourceDirectory C:\Users\migui\Desktop\Login-Prueba\myapplication\src\test\resources
2018-06-13 12:30:08,801 [Worker-21] INFO  o.e.m.c.i.embedder.EclipseLogger - Using 'UTF-8' encoding to copy filtered resources.
2018-06-13 12:30:08,804 [Worker-21] INFO  o.e.m.c.i.embedder.EclipseLogger - Copying 5 resources
2018-06-13 12:30:08,808 [Worker-21] INFO  o.e.m.c.i.embedder.EclipseLogger - Using 'UTF-8' encoding to copy filtered resources.
2018-06-13 12:30:08,808 [Worker-21] INFO  o.e.m.c.i.embedder.EclipseLogger - skip non existing resourceDirectory C:\Users\migui\Desktop\Login-Prueba\myapplication\src\test\resources
2018-06-13 12:30:10,985 [Worker-14] INFO  o.e.m.c.i.embedder.EclipseLogger - Using 'UTF-8' encoding to copy filtered resources.
2018-06-13 12:30:11,044 [Worker-14] INFO  o.e.m.c.i.embedder.EclipseLogger - Copying 5 resources
2018-06-13 12:30:11,072 [Worker-14] INFO  o.e.m.c.i.embedder.EclipseLogger - Using 'UTF-8' encoding to copy filtered resources.
2018-06-13 12:30:11,073 [Worker-14] INFO  o.e.m.c.i.embedder.EclipseLogger - skip non existing resourceDirectory C:\Users\migui\Desktop\Login-Prueba\myapplication\src\test\resources
2018-06-13 12:30:12,274 [Worker-20] INFO  o.e.m.c.i.embedder.EclipseLogger - Using 'UTF-8' encoding to copy filtered resources.
2018-06-13 12:30:12,276 [Worker-20] INFO  o.e.m.c.i.embedder.EclipseLogger - Copying 5 resources
2018-06-13 12:30:12,279 [Worker-20] INFO  o.e.m.c.i.embedder.EclipseLogger - Using 'UTF-8' encoding to copy filtered resources.
2018-06-13 12:30:12,280 [Worker-20] INFO  o.e.m.c.i.embedder.EclipseLogger - skip non existing resourceDirectory C:\Users\migui\Desktop\Login-Prueba\myapplication\src\test\resources
2018-06-13 12:39:40,003 [Worker-23] INFO  o.e.m.c.i.embedder.EclipseLogger - Using 'UTF-8' encoding to copy filtered resources.
2018-06-13 12:39:40,046 [Worker-23] INFO  o.e.m.c.i.embedder.EclipseLogger - Copying 5 resources
2018-06-13 12:39:40,064 [Worker-23] INFO  o.e.m.c.i.embedder.EclipseLogger - Using 'UTF-8' encoding to copy filtered resources.
2018-06-13 12:39:40,065 [Worker-23] INFO  o.e.m.c.i.embedder.EclipseLogger - skip non existing resourceDirectory C:\Users\migui\Desktop\Login-Prueba\myapplication\src\test\resources
2018-06-13 12:41:03,978 [Worker-27] INFO  o.e.m.c.i.embedder.EclipseLogger - Using 'UTF-8' encoding to copy filtered resources.
2018-06-13 12:41:03,980 [Worker-27] INFO  o.e.m.c.i.embedder.EclipseLogger - Copying 5 resources
2018-06-13 12:41:03,984 [Worker-27] INFO  o.e.m.c.i.embedder.EclipseLogger - Using 'UTF-8' encoding to copy filtered resources.
2018-06-13 12:41:03,984 [Worker-27] INFO  o.e.m.c.i.embedder.EclipseLogger - skip non existing resourceDirectory C:\Users\migui\Desktop\Login-Prueba\myapplication\src\test\resources
2018-06-13 12:42:10,609 [Worker-28] INFO  o.e.m.c.i.embedder.EclipseLogger - Using 'UTF-8' encoding to copy filtered resources.
2018-06-13 12:42:10,635 [Worker-28] INFO  o.e.m.c.i.embedder.EclipseLogger - Copying 5 resources
2018-06-13 12:42:10,651 [Worker-28] INFO  o.e.m.c.i.embedder.EclipseLogger - Using 'UTF-8' encoding to copy filtered resources.
2018-06-13 12:42:10,652 [Worker-28] INFO  o.e.m.c.i.embedder.EclipseLogger - skip non existing resourceDirectory C:\Users\migui\Desktop\Login-Prueba\myapplication\src\test\resources
2018-06-13 12:42:14,860 [Worker-27] INFO  o.e.m.c.i.embedder.EclipseLogger - Using 'UTF-8' encoding to copy filtered resources.
2018-06-13 12:42:14,862 [Worker-27] INFO  o.e.m.c.i.embedder.EclipseLogger - Copying 5 resources
2018-06-13 12:42:14,868 [Worker-27] INFO  o.e.m.c.i.embedder.EclipseLogger - Using 'UTF-8' encoding to copy filtered resources.
2018-06-13 12:42:14,868 [Worker-27] INFO  o.e.m.c.i.embedder.EclipseLogger - skip non existing resourceDirectory C:\Users\migui\Desktop\Login-Prueba\myapplication\src\test\resources
2018-06-13 12:42:50,825 [Worker-23] INFO  o.e.m.c.i.embedder.EclipseLogger - Using 'UTF-8' encoding to copy filtered resources.
2018-06-13 12:42:50,868 [Worker-23] INFO  o.e.m.c.i.embedder.EclipseLogger - Copying 5 resources
2018-06-13 12:42:52,053 [Worker-23] WARN  o.e.m.c.i.embedder.EclipseLogger - GWT plugin is configured to detect modules, but none were found.
2018-06-13 12:42:52,216 [Worker-23] INFO  o.e.m.c.i.embedder.EclipseLogger - Using com.vaadin:vaadin-client version 8.4.3
2018-06-13 12:42:52,283 [Worker-23] INFO  o.e.m.c.i.embedder.EclipseLogger - Using com.vaadin:vaadin-client-compiler version 8.4.3
2018-06-13 12:42:52,640 [Worker-23] INFO  o.e.m.c.i.embedder.EclipseLogger - Using 'UTF-8' encoding to copy filtered resources.
2018-06-13 12:42:52,649 [Worker-23] INFO  o.e.m.c.i.embedder.EclipseLogger - skip non existing resourceDirectory C:\Users\migui\Desktop\Login-Prueba\myapplication\src\test\resources
2018-06-13 12:44:19,476 [Worker-23] INFO  o.e.m.c.i.embedder.EclipseLogger - Using 'UTF-8' encoding to copy filtered resources.
2018-06-13 12:44:19,489 [Worker-23] INFO  o.e.m.c.i.embedder.EclipseLogger - Copying 5 resources
2018-06-13 12:44:19,502 [Worker-23] INFO  o.e.m.c.i.embedder.EclipseLogger - Using 'UTF-8' encoding to copy filtered resources.
2018-06-13 12:44:19,508 [Worker-23] INFO  o.e.m.c.i.embedder.EclipseLogger - skip non existing resourceDirectory C:\Users\migui\Desktop\Login-Prueba\myapplication\src\test\resources
2018-06-13 12:48:26,972 [Worker-27] INFO  o.e.m.c.i.embedder.EclipseLogger - Using 'UTF-8' encoding to copy filtered resources.
2018-06-13 12:48:27,017 [Worker-27] INFO  o.e.m.c.i.embedder.EclipseLogger - Copying 5 resources
2018-06-13 12:48:27,029 [Worker-27] INFO  o.e.m.c.i.embedder.EclipseLogger - Using 'UTF-8' encoding to copy filtered resources.
2018-06-13 12:48:27,038 [Worker-27] INFO  o.e.m.c.i.embedder.EclipseLogger - skip non existing resourceDirectory C:\Users\migui\Desktop\Login-Prueba\myapplication\src\test\resources
2018-06-13 12:52:37,857 [Worker-24] INFO  o.e.m.c.i.embedder.EclipseLogger - Using 'UTF-8' encoding to copy filtered resources.
2018-06-13 12:52:37,860 [Worker-24] INFO  o.e.m.c.i.embedder.EclipseLogger - Copying 5 resources
2018-06-13 12:52:40,876 [Worker-24] WARN  o.e.m.c.i.embedder.EclipseLogger - GWT plugin is configured to detect modules, but none were found.
2018-06-13 12:52:41,273 [Worker-24] INFO  o.e.m.c.i.embedder.EclipseLogger - Using com.vaadin:vaadin-client version 8.4.3
2018-06-13 12:52:41,403 [Worker-24] INFO  o.e.m.c.i.embedder.EclipseLogger - Using com.vaadin:vaadin-client-compiler version 8.4.3
2018-06-13 12:52:42,470 [Worker-24] INFO  o.e.m.c.i.embedder.EclipseLogger - Using 'UTF-8' encoding to copy filtered resources.
2018-06-13 12:52:42,487 [Worker-24] INFO  o.e.m.c.i.embedder.EclipseLogger - skip non existing resourceDirectory C:\Users\migui\Desktop\Login-Prueba\myapplication\src\test\resources
2018-06-13 12:53:48,163 [Worker-38] INFO  o.e.m.c.i.embedder.EclipseLogger - Using 'UTF-8' encoding to copy filtered resources.
2018-06-13 12:53:48,166 [Worker-38] INFO  o.e.m.c.i.embedder.EclipseLogger - Copying 5 resources
2018-06-13 12:53:49,221 [Worker-38] WARN  o.e.m.c.i.embedder.EclipseLogger - GWT plugin is configured to detect modules, but none were found.
2018-06-13 12:53:49,252 [Worker-38] INFO  o.e.m.c.i.embedder.EclipseLogger - Using com.vaadin:vaadin-client version 8.4.3
2018-06-13 12:53:49,311 [Worker-38] INFO  o.e.m.c.i.embedder.EclipseLogger - Using com.vaadin:vaadin-client-compiler version 8.4.3
2018-06-13 12:53:49,535 [Worker-38] INFO  o.e.m.c.i.embedder.EclipseLogger - Using 'UTF-8' encoding to copy filtered resources.
2018-06-13 12:53:49,547 [Worker-38] INFO  o.e.m.c.i.embedder.EclipseLogger - skip non existing resourceDirectory C:\Users\migui\Desktop\Login-Prueba\myapplication\src\test\resources
2018-06-13 13:04:33,422 [Worker-44] INFO  o.e.m.c.i.embedder.EclipseLogger - Using 'UTF-8' encoding to copy filtered resources.
2018-06-13 13:04:33,516 [Worker-44] INFO  o.e.m.c.i.embedder.EclipseLogger - Copying 5 resources
2018-06-13 13:04:34,163 [Worker-44] WARN  o.e.m.c.i.embedder.EclipseLogger - GWT plugin is configured to detect modules, but none were found.
2018-06-13 13:04:34,265 [Worker-44] INFO  o.e.m.c.i.embedder.EclipseLogger - Using com.vaadin:vaadin-client version 8.4.3
2018-06-13 13:04:34,358 [Worker-44] INFO  o.e.m.c.i.embedder.EclipseLogger - Using com.vaadin:vaadin-client-compiler version 8.4.3
2018-06-13 13:04:34,905 [Worker-44] INFO  o.e.m.c.i.embedder.EclipseLogger - Using 'UTF-8' encoding to copy filtered resources.
2018-06-13 13:04:34,905 [Worker-44] INFO  o.e.m.c.i.embedder.EclipseLogger - skip non existing resourceDirectory C:\Users\migui\Desktop\Login-Prueba\myapplication\src\test\resources
2018-06-13 13:17:11,443 [Worker-45] INFO  o.e.m.c.i.embedder.EclipseLogger - Using 'UTF-8' encoding to copy filtered resources.
2018-06-13 13:17:11,443 [Worker-45] INFO  o.e.m.c.i.embedder.EclipseLogger - Copying 5 resources
2018-06-13 13:17:11,521 [Worker-45] INFO  o.e.m.c.i.embedder.EclipseLogger - Using 'UTF-8' encoding to copy filtered resources.
2018-06-13 13:17:11,521 [Worker-45] INFO  o.e.m.c.i.embedder.EclipseLogger - skip non existing resourceDirectory C:\Users\migui\Desktop\Login-Prueba\myapplication\src\test\resources
2018-06-13 13:19:38,007 [Worker-45] INFO  o.e.m.c.i.embedder.EclipseLogger - Using 'UTF-8' encoding to copy filtered resources.
2018-06-13 13:19:38,007 [Worker-45] INFO  o.e.m.c.i.embedder.EclipseLogger - Copying 5 resources
2018-06-13 13:19:38,022 [Worker-45] INFO  o.e.m.c.i.embedder.EclipseLogger - Using 'UTF-8' encoding to copy filtered resources.
2018-06-13 13:19:38,022 [Worker-45] INFO  o.e.m.c.i.embedder.EclipseLogger - skip non existing resourceDirectory C:\Users\migui\Desktop\Login-Prueba\myapplication\src\test\resources
2018-06-13 13:19:41,277 [Worker-48] INFO  o.e.m.c.i.embedder.EclipseLogger - Using 'UTF-8' encoding to copy filtered resources.
2018-06-13 13:19:41,277 [Worker-48] INFO  o.e.m.c.i.embedder.EclipseLogger - Copying 5 resources
2018-06-13 13:19:41,293 [Worker-48] INFO  o.e.m.c.i.embedder.EclipseLogger - Using 'UTF-8' encoding to copy filtered resources.
2018-06-13 13:19:41,293 [Worker-48] INFO  o.e.m.c.i.embedder.EclipseLogger - skip non existing resourceDirectory C:\Users\migui\Desktop\Login-Prueba\myapplication\src\test\resources
2018-06-13 13:20:18,280 [Worker-49] INFO  o.e.m.c.i.embedder.EclipseLogger - Using 'UTF-8' encoding to copy filtered resources.
2018-06-13 13:20:18,280 [Worker-49] INFO  o.e.m.c.i.embedder.EclipseLogger - Copying 5 resources
2018-06-13 13:20:18,280 [Worker-49] INFO  o.e.m.c.i.embedder.EclipseLogger - Using 'UTF-8' encoding to copy filtered resources.
2018-06-13 13:20:18,280 [Worker-49] INFO  o.e.m.c.i.embedder.EclipseLogger - skip non existing resourceDirectory C:\Users\migui\Desktop\Login-Prueba\myapplication\src\test\resources
2018-06-13 13:20:20,415 [Worker-50] INFO  o.e.m.c.i.embedder.EclipseLogger - Using 'UTF-8' encoding to copy filtered resources.
2018-06-13 13:20:20,415 [Worker-50] INFO  o.e.m.c.i.embedder.EclipseLogger - Copying 5 resources
2018-06-13 13:20:20,430 [Worker-50] INFO  o.e.m.c.i.embedder.EclipseLogger - Using 'UTF-8' encoding to copy filtered resources.
2018-06-13 13:20:20,430 [Worker-50] INFO  o.e.m.c.i.embedder.EclipseLogger - skip non existing resourceDirectory C:\Users\migui\Desktop\Login-Prueba\myapplication\src\test\resources
2018-06-13 13:21:47,640 [Worker-53] INFO  o.e.m.c.i.embedder.EclipseLogger - Using 'UTF-8' encoding to copy filtered resources.
2018-06-13 13:21:47,640 [Worker-53] INFO  o.e.m.c.i.embedder.EclipseLogger - Copying 5 resources
2018-06-13 13:21:47,640 [Worker-53] INFO  o.e.m.c.i.embedder.EclipseLogger - Using 'UTF-8' encoding to copy filtered resources.
2018-06-13 13:21:47,640 [Worker-53] INFO  o.e.m.c.i.embedder.EclipseLogger - skip non existing resourceDirectory C:\Users\migui\Desktop\Login-Prueba\myapplication\src\test\resources
2018-06-13 13:21:49,751 [Worker-49] INFO  o.e.m.c.i.embedder.EclipseLogger - Using 'UTF-8' encoding to copy filtered resources.
2018-06-13 13:21:49,763 [Worker-49] INFO  o.e.m.c.i.embedder.EclipseLogger - Copying 5 resources
2018-06-13 13:21:49,776 [Worker-49] INFO  o.e.m.c.i.embedder.EclipseLogger - Using 'UTF-8' encoding to copy filtered resources.
2018-06-13 13:21:49,776 [Worker-49] INFO  o.e.m.c.i.embedder.EclipseLogger - skip non existing resourceDirectory C:\Users\migui\Desktop\Login-Prueba\myapplication\src\test\resources
2018-06-13 13:23:36,803 [Worker-46] INFO  o.e.m.c.i.embedder.EclipseLogger - Using 'UTF-8' encoding to copy filtered resources.
2018-06-13 13:23:36,803 [Worker-46] INFO  o.e.m.c.i.embedder.EclipseLogger - Copying 5 resources
2018-06-13 13:23:36,912 [Worker-46] INFO  o.e.m.c.i.embedder.EclipseLogger - Using 'UTF-8' encoding to copy filtered resources.
2018-06-13 13:23:36,912 [Worker-46] INFO  o.e.m.c.i.embedder.EclipseLogger - skip non existing resourceDirectory C:\Users\migui\Desktop\Login-Prueba\myapplication\src\test\resources
2018-06-13 13:23:54,136 [Worker-53] INFO  o.e.m.c.i.embedder.EclipseLogger - Using 'UTF-8' encoding to copy filtered resources.
2018-06-13 13:23:54,152 [Worker-53] INFO  o.e.m.c.i.embedder.EclipseLogger - Copying 5 resources
2018-06-13 13:23:54,168 [Worker-53] INFO  o.e.m.c.i.embedder.EclipseLogger - Using 'UTF-8' encoding to copy filtered resources.
2018-06-13 13:23:54,168 [Worker-53] INFO  o.e.m.c.i.embedder.EclipseLogger - skip non existing resourceDirectory C:\Users\migui\Desktop\Login-Prueba\myapplication\src\test\resources
2018-06-13 13:23:56,262 [Worker-54] INFO  o.e.m.c.i.embedder.EclipseLogger - Using 'UTF-8' encoding to copy filtered resources.
2018-06-13 13:23:56,262 [Worker-54] INFO  o.e.m.c.i.embedder.EclipseLogger - Copying 5 resources
2018-06-13 13:23:56,262 [Worker-54] INFO  o.e.m.c.i.embedder.EclipseLogger - Using 'UTF-8' encoding to copy filtered resources.
2018-06-13 13:23:56,262 [Worker-54] INFO  o.e.m.c.i.embedder.EclipseLogger - skip non existing resourceDirectory C:\Users\migui\Desktop\Login-Prueba\myapplication\src\test\resources
2018-06-13 13:25:40,825 [Worker-54] INFO  o.e.m.c.i.embedder.EclipseLogger - Using 'UTF-8' encoding to copy filtered resources.
2018-06-13 13:25:40,872 [Worker-54] INFO  o.e.m.c.i.embedder.EclipseLogger - Copying 5 resources
2018-06-13 13:25:40,904 [Worker-54] INFO  o.e.m.c.i.embedder.EclipseLogger - Using 'UTF-8' encoding to copy filtered resources.
2018-06-13 13:25:40,904 [Worker-54] INFO  o.e.m.c.i.embedder.EclipseLogger - skip non existing resourceDirectory C:\Users\migui\Desktop\Login-Prueba\myapplication\src\test\resources
2018-06-13 13:29:28,534 [Worker-55] INFO  o.e.m.c.i.embedder.EclipseLogger - Using 'UTF-8' encoding to copy filtered resources.
2018-06-13 13:29:28,534 [Worker-55] INFO  o.e.m.c.i.embedder.EclipseLogger - Copying 5 resources
2018-06-13 13:29:28,534 [Worker-55] INFO  o.e.m.c.i.embedder.EclipseLogger - Using 'UTF-8' encoding to copy filtered resources.
2018-06-13 13:29:28,534 [Worker-55] INFO  o.e.m.c.i.embedder.EclipseLogger - skip non existing resourceDirectory C:\Users\migui\Desktop\Login-Prueba\myapplication\src\test\resources
2018-06-13 13:33:14,364 [Worker-57] INFO  o.e.m.c.i.embedder.EclipseLogger - Using 'UTF-8' encoding to copy filtered resources.
2018-06-13 13:33:14,383 [Worker-57] INFO  o.e.m.c.i.embedder.EclipseLogger - Copying 5 resources
2018-06-13 13:33:14,398 [Worker-57] INFO  o.e.m.c.i.embedder.EclipseLogger - Using 'UTF-8' encoding to copy filtered resources.
2018-06-13 13:33:14,398 [Worker-57] INFO  o.e.m.c.i.embedder.EclipseLogger - skip non existing resourceDirectory C:\Users\migui\Desktop\Login-Prueba\myapplication\src\test\resources
2018-06-13 13:36:10,875 [Worker-54] INFO  o.e.m.c.i.embedder.EclipseLogger - Using 'UTF-8' encoding to copy filtered resources.
2018-06-13 13:36:10,901 [Worker-54] INFO  o.e.m.c.i.embedder.EclipseLogger - Copying 5 resources
2018-06-13 13:36:10,903 [Worker-54] INFO  o.e.m.c.i.embedder.EclipseLogger - Using 'UTF-8' encoding to copy filtered resources.
2018-06-13 13:36:10,903 [Worker-54] INFO  o.e.m.c.i.embedder.EclipseLogger - skip non existing resourceDirectory C:\Users\migui\Desktop\Login-Prueba\myapplication\src\test\resources
2018-06-14 10:10:32,632 [Worker-0] INFO  c.g.t.t.d.PublishedGradleVersions - Gradle version information cache is up-to-date. Trying to read.
2018-06-14 10:11:25,416 [Worker-3] INFO  o.e.m.c.i.embedder.EclipseLogger - Updating theme VAADIN\themes\mytheme
2018-06-14 10:11:27,255 [Thread-14] INFO  o.e.m.c.i.embedder.EclipseLogger - Widgetsets found from classpath:
2018-06-14 10:11:27,255 [Thread-14] INFO  o.e.m.c.i.embedder.EclipseLogger - Addon styles found from classpath:
2018-06-14 10:11:27,256 [Thread-14] INFO  o.e.m.c.i.embedder.EclipseLogger - 
2018-06-14 10:11:27,256 [Thread-14] INFO  o.e.m.c.i.embedder.EclipseLogger - Search took 20ms
2018-06-14 10:11:27,312 [Worker-3] INFO  o.e.m.c.i.embedder.EclipseLogger - Theme "VAADIN\themes\mytheme" updated
2018-06-14 10:11:27,355 [Worker-3] WARN  o.e.m.c.i.embedder.EclipseLogger - GWT plugin is configured to detect modules, but none were found.
2018-06-14 10:11:27,487 [Worker-3] INFO  o.e.m.c.i.embedder.EclipseLogger - No widgetsets found - generating AppWidgetset if necessary.
2018-06-14 10:11:27,503 [Worker-3] INFO  o.e.m.c.i.embedder.EclipseLogger - Updating widgetset AppWidgetset
2018-06-14 10:11:27,504 [Worker-3] INFO  o.e.m.c.i.embedder.EclipseLogger - Adding resource directory to command classpath: C:\Users\migui\Desktop\Login-Prueba\myapplication\src\main\resources
2018-06-14 10:11:27,504 [Worker-3] INFO  o.e.m.c.i.embedder.EclipseLogger - Adding resource directory to command classpath: C:\Users\migui\Desktop\Login-Prueba\myapplication\target\generated-resources\gwt
2018-06-14 10:11:27,575 [Worker-3] INFO  o.e.m.c.i.embedder.EclipseLogger - Using com.vaadin:vaadin-client version 8.4.3
2018-06-14 10:11:28,509 [Worker-3] INFO  o.e.m.c.i.embedder.EclipseLogger - Using com.vaadin:vaadin-client-compiler version 8.4.3
2018-06-14 10:11:40,401 [Thread-16] INFO  o.e.m.c.i.embedder.EclipseLogger - Widgetsets found from classpath:
2018-06-14 10:11:40,402 [Thread-16] INFO  o.e.m.c.i.embedder.EclipseLogger - 	com.vaadin.DefaultWidgetSet in jar:file:C:/Users/migui/.m2/repository/com/vaadin/vaadin-client/8.4.3/vaadin-client-8.4.3.jar!/
2018-06-14 10:11:40,457 [Thread-16] INFO  o.e.m.c.i.embedder.EclipseLogger - Addon styles found from classpath:
2018-06-14 10:11:40,457 [Thread-16] INFO  o.e.m.c.i.embedder.EclipseLogger - 
2018-06-14 10:11:40,457 [Thread-16] INFO  o.e.m.c.i.embedder.EclipseLogger - Search took 29ms
2018-06-14 10:11:40,550 [Worker-3] INFO  o.e.m.c.i.embedder.EclipseLogger - Updating theme VAADIN\themes\mytheme
2018-06-14 10:11:45,943 [Worker-3] INFO  o.e.m.c.i.embedder.EclipseLogger - Theme "VAADIN\themes\mytheme" compiled
2018-06-14 10:11:48,235 [Worker-3] INFO  o.e.m.c.i.embedder.EclipseLogger - Using 'UTF-8' encoding to copy filtered resources.
2018-06-14 10:11:48,237 [Worker-3] INFO  o.e.m.c.i.embedder.EclipseLogger - Copying 5 resources
2018-06-14 10:11:48,243 [Worker-3] INFO  o.e.m.c.i.embedder.EclipseLogger - Copying 0 resource
2018-06-14 10:11:48,292 [Worker-3] WARN  o.e.m.c.i.embedder.EclipseLogger - GWT plugin is configured to detect modules, but none were found.
2018-06-14 10:11:48,388 [Worker-3] INFO  o.e.m.c.i.embedder.EclipseLogger - Using com.vaadin:vaadin-client version 8.4.3
2018-06-14 10:11:48,450 [Worker-3] INFO  o.e.m.c.i.embedder.EclipseLogger - Using com.vaadin:vaadin-client-compiler version 8.4.3
2018-06-14 10:11:48,611 [Worker-3] INFO  o.e.m.c.i.embedder.EclipseLogger - Using 'UTF-8' encoding to copy filtered resources.
2018-06-14 10:11:48,621 [Worker-3] INFO  o.e.m.c.i.embedder.EclipseLogger - skip non existing resourceDirectory C:\Users\migui\Desktop\Login-Prueba\myapplication\src\test\resources
2018-06-14 10:18:09,827 [Worker-17] INFO  o.e.m.c.i.embedder.EclipseLogger - Using 'UTF-8' encoding to copy filtered resources.
2018-06-14 10:18:09,831 [Worker-17] INFO  o.e.m.c.i.embedder.EclipseLogger - Copying 0 resource
2018-06-14 10:18:09,834 [Worker-17] INFO  o.e.m.c.i.embedder.EclipseLogger - Using 'UTF-8' encoding to copy filtered resources.
2018-06-14 10:18:09,867 [Worker-17] INFO  o.e.m.c.i.embedder.EclipseLogger - skip non existing resourceDirectory C:\Users\migui\Desktop\Login-Prueba\myapplication\src\test\resources
2018-06-14 10:18:20,599 [Worker-15] INFO  o.e.m.c.i.embedder.EclipseLogger - Using 'UTF-8' encoding to copy filtered resources.
2018-06-14 10:18:20,611 [Worker-15] INFO  o.e.m.c.i.embedder.EclipseLogger - Copying 5 resources
2018-06-14 10:18:20,624 [Worker-15] INFO  o.e.m.c.i.embedder.EclipseLogger - Using 'UTF-8' encoding to copy filtered resources.
2018-06-14 10:18:20,633 [Worker-15] INFO  o.e.m.c.i.embedder.EclipseLogger - skip non existing resourceDirectory C:\Users\migui\Desktop\Login-Prueba\myapplication\src\test\resources
2018-06-14 10:18:30,430 [Worker-19] INFO  o.e.m.c.i.embedder.EclipseLogger - Using 'UTF-8' encoding to copy filtered resources.
2018-06-14 10:18:30,433 [Worker-19] INFO  o.e.m.c.i.embedder.EclipseLogger - Copying 5 resources
2018-06-14 10:18:30,437 [Worker-19] INFO  o.e.m.c.i.embedder.EclipseLogger - Using 'UTF-8' encoding to copy filtered resources.
2018-06-14 10:18:30,472 [Worker-19] INFO  o.e.m.c.i.embedder.EclipseLogger - skip non existing resourceDirectory C:\Users\migui\Desktop\Login-Prueba\myapplication\src\test\resources
2018-06-14 10:21:05,855 [Worker-21] INFO  o.e.m.c.i.embedder.EclipseLogger - Using 'UTF-8' encoding to copy filtered resources.
2018-06-14 10:21:05,903 [Worker-21] INFO  o.e.m.c.i.embedder.EclipseLogger - Copying 5 resources
2018-06-14 10:21:05,921 [Worker-21] INFO  o.e.m.c.i.embedder.EclipseLogger - Using 'UTF-8' encoding to copy filtered resources.
2018-06-14 10:21:05,927 [Worker-21] INFO  o.e.m.c.i.embedder.EclipseLogger - skip non existing resourceDirectory C:\Users\migui\Desktop\Login-Prueba\myapplication\src\test\resources
2018-06-14 10:22:51,403 [Worker-8] INFO  o.e.m.c.i.embedder.EclipseLogger - Using 'UTF-8' encoding to copy filtered resources.
2018-06-14 10:22:51,406 [Worker-8] INFO  o.e.m.c.i.embedder.EclipseLogger - Copying 5 resources
2018-06-14 10:22:51,410 [Worker-8] INFO  o.e.m.c.i.embedder.EclipseLogger - Using 'UTF-8' encoding to copy filtered resources.
2018-06-14 10:22:51,441 [Worker-8] INFO  o.e.m.c.i.embedder.EclipseLogger - skip non existing resourceDirectory C:\Users\migui\Desktop\Login-Prueba\myapplication\src\test\resources
2018-06-14 10:26:00,228 [Worker-20] INFO  o.e.m.c.i.embedder.EclipseLogger - Using 'UTF-8' encoding to copy filtered resources.
2018-06-14 10:26:00,272 [Worker-20] INFO  o.e.m.c.i.embedder.EclipseLogger - Copying 5 resources
2018-06-14 10:26:00,284 [Worker-20] INFO  o.e.m.c.i.embedder.EclipseLogger - Using 'UTF-8' encoding to copy filtered resources.
2018-06-14 10:26:00,294 [Worker-20] INFO  o.e.m.c.i.embedder.EclipseLogger - skip non existing resourceDirectory C:\Users\migui\Desktop\Login-Prueba\myapplication\src\test\resources
2018-06-14 10:26:20,018 [Worker-15] INFO  o.e.m.c.i.embedder.EclipseLogger - Using 'UTF-8' encoding to copy filtered resources.
2018-06-14 10:26:20,020 [Worker-15] INFO  o.e.m.c.i.embedder.EclipseLogger - Copying 5 resources
2018-06-14 10:26:20,024 [Worker-15] INFO  o.e.m.c.i.embedder.EclipseLogger - Using 'UTF-8' encoding to copy filtered resources.
2018-06-14 10:26:20,030 [Worker-15] INFO  o.e.m.c.i.embedder.EclipseLogger - skip non existing resourceDirectory C:\Users\migui\Desktop\Login-Prueba\myapplication\src\test\resources
2018-06-14 10:28:37,473 [Worker-19] INFO  o.e.m.c.i.embedder.EclipseLogger - Using 'UTF-8' encoding to copy filtered resources.
2018-06-14 10:28:37,546 [Worker-19] INFO  o.e.m.c.i.embedder.EclipseLogger - Copying 5 resources
2018-06-14 10:28:37,560 [Worker-19] INFO  o.e.m.c.i.embedder.EclipseLogger - Using 'UTF-8' encoding to copy filtered resources.
2018-06-14 10:28:37,581 [Worker-19] INFO  o.e.m.c.i.embedder.EclipseLogger - skip non existing resourceDirectory C:\Users\migui\Desktop\Login-Prueba\myapplication\src\test\resources
2018-06-14 10:32:41,822 [Worker-22] INFO  o.e.m.c.i.embedder.EclipseLogger - Using 'UTF-8' encoding to copy filtered resources.
2018-06-14 10:32:41,823 [Worker-22] INFO  o.e.m.c.i.embedder.EclipseLogger - Copying 5 resources
2018-06-14 10:32:41,825 [Worker-22] INFO  o.e.m.c.i.embedder.EclipseLogger - Using 'UTF-8' encoding to copy filtered resources.
2018-06-14 10:32:41,897 [Worker-22] INFO  o.e.m.c.i.embedder.EclipseLogger - skip non existing resourceDirectory C:\Users\migui\Desktop\Login-Prueba\myapplication\src\test\resources
2018-06-14 10:36:46,767 [Worker-19] INFO  o.e.m.c.i.embedder.EclipseLogger - Using 'UTF-8' encoding to copy filtered resources.
2018-06-14 10:36:46,799 [Worker-19] INFO  o.e.m.c.i.embedder.EclipseLogger - Copying 5 resources
2018-06-14 10:36:46,814 [Worker-19] INFO  o.e.m.c.i.embedder.EclipseLogger - Using 'UTF-8' encoding to copy filtered resources.
2018-06-14 10:36:46,830 [Worker-19] INFO  o.e.m.c.i.embedder.EclipseLogger - skip non existing resourceDirectory C:\Users\migui\Desktop\Login-Prueba\myapplication\src\test\resources
2018-06-14 10:44:10,809 [Worker-24] INFO  o.e.m.c.i.embedder.EclipseLogger - Using 'UTF-8' encoding to copy filtered resources.
2018-06-14 10:44:10,813 [Worker-24] INFO  o.e.m.c.i.embedder.EclipseLogger - Copying 5 resources
2018-06-14 10:44:10,825 [Worker-24] INFO  o.e.m.c.i.embedder.EclipseLogger - Using 'UTF-8' encoding to copy filtered resources.
2018-06-14 10:44:10,865 [Worker-24] INFO  o.e.m.c.i.embedder.EclipseLogger - skip non existing resourceDirectory C:\Users\migui\Desktop\Login-Prueba\myapplication\src\test\resources
2018-06-14 10:46:00,810 [Worker-20] INFO  o.e.m.c.i.embedder.EclipseLogger - Using 'UTF-8' encoding to copy filtered resources.
2018-06-14 10:46:00,834 [Worker-20] INFO  o.e.m.c.i.embedder.EclipseLogger - Copying 5 resources
2018-06-14 10:46:00,906 [Worker-20] INFO  o.e.m.c.i.embedder.EclipseLogger - Using 'UTF-8' encoding to copy filtered resources.
2018-06-14 10:46:00,926 [Worker-20] INFO  o.e.m.c.i.embedder.EclipseLogger - skip non existing resourceDirectory C:\Users\migui\Desktop\Login-Prueba\myapplication\src\test\resources
2018-06-14 10:59:14,599 [Worker-24] INFO  o.e.m.c.i.embedder.EclipseLogger - Using 'UTF-8' encoding to copy filtered resources.
2018-06-14 10:59:14,599 [Worker-24] INFO  o.e.m.c.i.embedder.EclipseLogger - Copying 0 resource
2018-06-14 10:59:14,603 [Worker-24] INFO  o.e.m.c.i.embedder.EclipseLogger - Using 'UTF-8' encoding to copy filtered resources.
2018-06-14 10:59:14,656 [Worker-24] INFO  o.e.m.c.i.embedder.EclipseLogger - skip non existing resourceDirectory C:\Users\migui\Desktop\Login-Prueba\myapplication\src\test\resources
2018-06-14 10:59:37,370 [Worker-29] INFO  o.e.m.c.i.embedder.EclipseLogger - Using 'UTF-8' encoding to copy filtered resources.
2018-06-14 10:59:37,378 [Worker-29] INFO  o.e.m.c.i.embedder.EclipseLogger - Copying 5 resources
2018-06-14 10:59:37,386 [Worker-29] INFO  o.e.m.c.i.embedder.EclipseLogger - Using 'UTF-8' encoding to copy filtered resources.
2018-06-14 10:59:37,398 [Worker-29] INFO  o.e.m.c.i.embedder.EclipseLogger - skip non existing resourceDirectory C:\Users\migui\Desktop\Login-Prueba\myapplication\src\test\resources
2018-06-14 10:59:40,497 [Worker-24] INFO  o.e.m.c.i.embedder.EclipseLogger - Using 'UTF-8' encoding to copy filtered resources.
2018-06-14 10:59:40,501 [Worker-24] INFO  o.e.m.c.i.embedder.EclipseLogger - Copying 5 resources
2018-06-14 10:59:40,505 [Worker-24] INFO  o.e.m.c.i.embedder.EclipseLogger - Using 'UTF-8' encoding to copy filtered resources.
2018-06-14 10:59:40,597 [Worker-24] INFO  o.e.m.c.i.embedder.EclipseLogger - skip non existing resourceDirectory C:\Users\migui\Desktop\Login-Prueba\myapplication\src\test\resources
2018-06-14 11:03:58,717 [Worker-24] INFO  o.e.m.c.i.embedder.EclipseLogger - Using 'UTF-8' encoding to copy filtered resources.
2018-06-14 11:03:58,725 [Worker-24] INFO  o.e.m.c.i.embedder.EclipseLogger - Copying 5 resources
2018-06-14 11:03:58,737 [Worker-24] INFO  o.e.m.c.i.embedder.EclipseLogger - Using 'UTF-8' encoding to copy filtered resources.
2018-06-14 11:03:58,745 [Worker-24] INFO  o.e.m.c.i.embedder.EclipseLogger - skip non existing resourceDirectory C:\Users\migui\Desktop\Login-Prueba\myapplication\src\test\resources
2018-06-14 11:10:09,469 [Worker-24] INFO  o.e.m.c.i.embedder.EclipseLogger - Using 'UTF-8' encoding to copy filtered resources.
2018-06-14 11:10:09,473 [Worker-24] INFO  o.e.m.c.i.embedder.EclipseLogger - Copying 5 resources
2018-06-14 11:10:09,477 [Worker-24] INFO  o.e.m.c.i.embedder.EclipseLogger - Using 'UTF-8' encoding to copy filtered resources.
2018-06-14 11:10:09,509 [Worker-24] INFO  o.e.m.c.i.embedder.EclipseLogger - skip non existing resourceDirectory C:\Users\migui\Desktop\Login-Prueba\myapplication\src\test\resources
2018-06-14 11:12:22,897 [Worker-21] INFO  o.e.m.c.i.embedder.EclipseLogger - Using 'UTF-8' encoding to copy filtered resources.
2018-06-14 11:12:22,913 [Worker-21] INFO  o.e.m.c.i.embedder.EclipseLogger - Copying 5 resources
2018-06-14 11:12:22,925 [Worker-21] INFO  o.e.m.c.i.embedder.EclipseLogger - Using 'UTF-8' encoding to copy filtered resources.
2018-06-14 11:12:22,957 [Worker-21] INFO  o.e.m.c.i.embedder.EclipseLogger - skip non existing resourceDirectory C:\Users\migui\Desktop\Login-Prueba\myapplication\src\test\resources
2018-06-14 11:14:17,886 [Worker-24] INFO  o.e.m.c.i.embedder.EclipseLogger - Using 'UTF-8' encoding to copy filtered resources.
2018-06-14 11:14:17,890 [Worker-24] INFO  o.e.m.c.i.embedder.EclipseLogger - Copying 5 resources
2018-06-14 11:14:17,914 [Worker-24] INFO  o.e.m.c.i.embedder.EclipseLogger - Using 'UTF-8' encoding to copy filtered resources.
2018-06-14 11:14:18,046 [Worker-24] INFO  o.e.m.c.i.embedder.EclipseLogger - skip non existing resourceDirectory C:\Users\migui\Desktop\Login-Prueba\myapplication\src\test\resources
2018-06-14 11:17:16,019 [Worker-20] INFO  o.e.m.c.i.embedder.EclipseLogger - Using 'UTF-8' encoding to copy filtered resources.
2018-06-14 11:17:16,082 [Worker-20] INFO  o.e.m.c.i.embedder.EclipseLogger - Copying 5 resources
2018-06-14 11:17:16,086 [Worker-20] INFO  o.e.m.c.i.embedder.EclipseLogger - Using 'UTF-8' encoding to copy filtered resources.
2018-06-14 11:17:16,098 [Worker-20] INFO  o.e.m.c.i.embedder.EclipseLogger - skip non existing resourceDirectory C:\Users\migui\Desktop\Login-Prueba\myapplication\src\test\resources
2018-06-14 11:17:35,567 [Worker-30] INFO  o.e.m.c.i.embedder.EclipseLogger - Using 'UTF-8' encoding to copy filtered resources.
2018-06-14 11:17:35,567 [Worker-30] INFO  o.e.m.c.i.embedder.EclipseLogger - Copying 5 resources
2018-06-14 11:17:35,575 [Worker-30] INFO  o.e.m.c.i.embedder.EclipseLogger - Using 'UTF-8' encoding to copy filtered resources.
2018-06-14 11:17:35,587 [Worker-30] INFO  o.e.m.c.i.embedder.EclipseLogger - skip non existing resourceDirectory C:\Users\migui\Desktop\Login-Prueba\myapplication\src\test\resources
2018-06-14 11:20:14,441 [Worker-27] INFO  o.e.m.c.i.embedder.EclipseLogger - Using 'UTF-8' encoding to copy filtered resources.
2018-06-14 11:20:14,474 [Worker-27] INFO  o.e.m.c.i.embedder.EclipseLogger - Copying 5 resources
2018-06-14 11:20:14,485 [Worker-27] INFO  o.e.m.c.i.embedder.EclipseLogger - Using 'UTF-8' encoding to copy filtered resources.
2018-06-14 11:20:14,495 [Worker-27] INFO  o.e.m.c.i.embedder.EclipseLogger - skip non existing resourceDirectory C:\Users\migui\Desktop\Login-Prueba\myapplication\src\test\resources
2018-06-14 11:22:50,786 [Worker-30] INFO  o.e.m.c.i.embedder.EclipseLogger - Using 'UTF-8' encoding to copy filtered resources.
2018-06-14 11:22:50,787 [Worker-30] INFO  o.e.m.c.i.embedder.EclipseLogger - Copying 0 resource
2018-06-14 11:22:50,788 [Worker-30] INFO  o.e.m.c.i.embedder.EclipseLogger - Using 'UTF-8' encoding to copy filtered resources.
2018-06-14 11:22:50,858 [Worker-30] INFO  o.e.m.c.i.embedder.EclipseLogger - skip non existing resourceDirectory C:\Users\migui\Desktop\Login-Prueba\myapplication\src\test\resources
2018-06-14 11:36:06,258 [Worker-34] INFO  o.e.m.c.i.embedder.EclipseLogger - Using 'UTF-8' encoding to copy filtered resources.
2018-06-14 11:36:06,372 [Worker-34] INFO  o.e.m.c.i.embedder.EclipseLogger - Copying 5 resources
2018-06-14 11:36:06,394 [Worker-34] INFO  o.e.m.c.i.embedder.EclipseLogger - Using 'UTF-8' encoding to copy filtered resources.
2018-06-14 11:36:06,432 [Worker-34] INFO  o.e.m.c.i.embedder.EclipseLogger - skip non existing resourceDirectory C:\Users\migui\Desktop\Login-Prueba\myapplication\src\test\resources
2018-06-14 11:37:51,080 [Worker-34] INFO  o.e.m.c.i.embedder.EclipseLogger - Using 'UTF-8' encoding to copy filtered resources.
2018-06-14 11:37:51,154 [Worker-34] INFO  o.e.m.c.i.embedder.EclipseLogger - Copying 5 resources
2018-06-14 11:37:51,165 [Worker-34] INFO  o.e.m.c.i.embedder.EclipseLogger - Using 'UTF-8' encoding to copy filtered resources.
2018-06-14 11:37:51,172 [Worker-34] INFO  o.e.m.c.i.embedder.EclipseLogger - skip non existing resourceDirectory C:\Users\migui\Desktop\Login-Prueba\myapplication\src\test\resources
2018-06-14 11:40:16,478 [Worker-40] INFO  o.e.m.c.i.embedder.EclipseLogger - Using 'UTF-8' encoding to copy filtered resources.
2018-06-14 11:40:16,479 [Worker-40] INFO  o.e.m.c.i.embedder.EclipseLogger - Copying 5 resources
2018-06-14 11:40:16,483 [Worker-40] INFO  o.e.m.c.i.embedder.EclipseLogger - Using 'UTF-8' encoding to copy filtered resources.
2018-06-14 11:40:16,545 [Worker-40] INFO  o.e.m.c.i.embedder.EclipseLogger - skip non existing resourceDirectory C:\Users\migui\Desktop\Login-Prueba\myapplication\src\test\resources
2018-06-14 11:42:25,736 [Worker-30] INFO  o.e.m.c.i.embedder.EclipseLogger - Using 'UTF-8' encoding to copy filtered resources.
2018-06-14 11:42:25,749 [Worker-30] INFO  o.e.m.c.i.embedder.EclipseLogger - Copying 5 resources
2018-06-14 11:42:25,763 [Worker-30] INFO  o.e.m.c.i.embedder.EclipseLogger - Using 'UTF-8' encoding to copy filtered resources.
2018-06-14 11:42:25,773 [Worker-30] INFO  o.e.m.c.i.embedder.EclipseLogger - skip non existing resourceDirectory C:\Users\migui\Desktop\Login-Prueba\myapplication\src\test\resources
2018-06-14 11:45:04,933 [Worker-39] INFO  o.e.m.c.i.embedder.EclipseLogger - Using 'UTF-8' encoding to copy filtered resources.
2018-06-14 11:45:04,937 [Worker-39] INFO  o.e.m.c.i.embedder.EclipseLogger - Copying 5 resources
2018-06-14 11:45:04,941 [Worker-39] INFO  o.e.m.c.i.embedder.EclipseLogger - Using 'UTF-8' encoding to copy filtered resources.
2018-06-14 11:45:04,981 [Worker-39] INFO  o.e.m.c.i.embedder.EclipseLogger - skip non existing resourceDirectory C:\Users\migui\Desktop\Login-Prueba\myapplication\src\test\resources
2018-06-14 11:46:23,145 [Worker-39] INFO  o.e.m.c.i.embedder.EclipseLogger - Using 'UTF-8' encoding to copy filtered resources.
2018-06-14 11:46:23,153 [Worker-39] INFO  o.e.m.c.i.embedder.EclipseLogger - Copying 5 resources
2018-06-14 11:46:23,161 [Worker-39] INFO  o.e.m.c.i.embedder.EclipseLogger - Using 'UTF-8' encoding to copy filtered resources.
2018-06-14 11:46:23,173 [Worker-39] INFO  o.e.m.c.i.embedder.EclipseLogger - skip non existing resourceDirectory C:\Users\migui\Desktop\Login-Prueba\myapplication\src\test\resources
2018-06-14 11:49:47,579 [Worker-34] INFO  o.e.m.c.i.embedder.EclipseLogger - Using 'UTF-8' encoding to copy filtered resources.
2018-06-14 11:49:47,581 [Worker-34] INFO  o.e.m.c.i.embedder.EclipseLogger - Copying 5 resources
2018-06-14 11:49:47,584 [Worker-34] INFO  o.e.m.c.i.embedder.EclipseLogger - Using 'UTF-8' encoding to copy filtered resources.
2018-06-14 11:49:47,675 [Worker-34] INFO  o.e.m.c.i.embedder.EclipseLogger - skip non existing resourceDirectory C:\Users\migui\Desktop\Login-Prueba\myapplication\src\test\resources
2018-06-14 11:53:48,152 [Worker-46] INFO  o.e.m.c.i.embedder.EclipseLogger - Using 'UTF-8' encoding to copy filtered resources.
2018-06-14 11:53:48,179 [Worker-46] INFO  o.e.m.c.i.embedder.EclipseLogger - Copying 5 resources
2018-06-14 11:53:48,188 [Worker-46] INFO  o.e.m.c.i.embedder.EclipseLogger - Using 'UTF-8' encoding to copy filtered resources.
2018-06-14 11:53:48,195 [Worker-46] INFO  o.e.m.c.i.embedder.EclipseLogger - skip non existing resourceDirectory C:\Users\migui\Desktop\Login-Prueba\myapplication\src\test\resources
2018-06-14 11:54:05,725 [Worker-47] INFO  o.e.m.c.i.embedder.EclipseLogger - Using 'UTF-8' encoding to copy filtered resources.
2018-06-14 11:54:05,728 [Worker-47] INFO  o.e.m.c.i.embedder.EclipseLogger - Copying 5 resources
2018-06-14 11:54:05,730 [Worker-47] INFO  o.e.m.c.i.embedder.EclipseLogger - Using 'UTF-8' encoding to copy filtered resources.
2018-06-14 11:54:05,787 [Worker-47] INFO  o.e.m.c.i.embedder.EclipseLogger - skip non existing resourceDirectory C:\Users\migui\Desktop\Login-Prueba\myapplication\src\test\resources
2018-06-14 11:55:58,448 [Worker-48] INFO  o.e.m.c.i.embedder.EclipseLogger - Using 'UTF-8' encoding to copy filtered resources.
2018-06-14 11:55:58,456 [Worker-48] INFO  o.e.m.c.i.embedder.EclipseLogger - Copying 5 resources
2018-06-14 11:55:58,465 [Worker-48] INFO  o.e.m.c.i.embedder.EclipseLogger - Using 'UTF-8' encoding to copy filtered resources.
2018-06-14 11:55:58,471 [Worker-48] INFO  o.e.m.c.i.embedder.EclipseLogger - skip non existing resourceDirectory C:\Users\migui\Desktop\Login-Prueba\myapplication\src\test\resources
2018-06-14 12:02:05,960 [Worker-49] INFO  o.e.m.c.i.embedder.EclipseLogger - Using 'UTF-8' encoding to copy filtered resources.
2018-06-14 12:02:05,962 [Worker-49] INFO  o.e.m.c.i.embedder.EclipseLogger - Copying 5 resources
2018-06-14 12:02:05,964 [Worker-49] INFO  o.e.m.c.i.embedder.EclipseLogger - Using 'UTF-8' encoding to copy filtered resources.
2018-06-14 12:02:05,973 [Worker-49] INFO  o.e.m.c.i.embedder.EclipseLogger - skip non existing resourceDirectory C:\Users\migui\Desktop\Login-Prueba\myapplication\src\test\resources
2018-06-14 12:05:36,795 [Worker-51] INFO  o.e.m.c.i.embedder.EclipseLogger - Using 'UTF-8' encoding to copy filtered resources.
2018-06-14 12:05:36,803 [Worker-51] INFO  o.e.m.c.i.embedder.EclipseLogger - Copying 5 resources
2018-06-14 12:05:36,810 [Worker-51] INFO  o.e.m.c.i.embedder.EclipseLogger - Using 'UTF-8' encoding to copy filtered resources.
2018-06-14 12:05:36,816 [Worker-51] INFO  o.e.m.c.i.embedder.EclipseLogger - skip non existing resourceDirectory C:\Users\migui\Desktop\Login-Prueba\myapplication\src\test\resources
2018-06-14 12:08:28,750 [Worker-48] INFO  o.e.m.c.i.embedder.EclipseLogger - Using 'UTF-8' encoding to copy filtered resources.
2018-06-14 12:08:28,751 [Worker-48] INFO  o.e.m.c.i.embedder.EclipseLogger - Copying 5 resources
2018-06-14 12:08:28,753 [Worker-48] INFO  o.e.m.c.i.embedder.EclipseLogger - Using 'UTF-8' encoding to copy filtered resources.
2018-06-14 12:08:28,759 [Worker-48] INFO  o.e.m.c.i.embedder.EclipseLogger - skip non existing resourceDirectory C:\Users\migui\Desktop\Login-Prueba\myapplication\src\test\resources
2018-06-14 12:10:47,338 [Worker-48] INFO  o.e.m.c.i.embedder.EclipseLogger - Using 'UTF-8' encoding to copy filtered resources.
2018-06-14 12:10:47,339 [Worker-48] INFO  o.e.m.c.i.embedder.EclipseLogger - Copying 5 resources
2018-06-14 12:10:47,374 [Worker-48] INFO  o.e.m.c.i.embedder.EclipseLogger - Using 'UTF-8' encoding to copy filtered resources.
2018-06-14 12:10:47,379 [Worker-48] INFO  o.e.m.c.i.embedder.EclipseLogger - skip non existing resourceDirectory C:\Users\migui\Desktop\Login-Prueba\myapplication\src\test\resources
2018-06-14 12:11:34,530 [Worker-55] INFO  o.e.m.c.i.embedder.EclipseLogger - Using 'UTF-8' encoding to copy filtered resources.
2018-06-14 12:11:34,532 [Worker-55] INFO  o.e.m.c.i.embedder.EclipseLogger - Copying 5 resources
2018-06-14 12:11:34,535 [Worker-55] INFO  o.e.m.c.i.embedder.EclipseLogger - Using 'UTF-8' encoding to copy filtered resources.
2018-06-14 12:11:34,547 [Worker-55] INFO  o.e.m.c.i.embedder.EclipseLogger - skip non existing resourceDirectory C:\Users\migui\Desktop\Login-Prueba\myapplication\src\test\resources
2018-06-14 12:14:59,065 [Worker-60] INFO  o.e.m.c.i.embedder.EclipseLogger - Using 'UTF-8' encoding to copy filtered resources.
2018-06-14 12:14:59,077 [Worker-60] INFO  o.e.m.c.i.embedder.EclipseLogger - Copying 5 resources
2018-06-14 12:14:59,085 [Worker-60] INFO  o.e.m.c.i.embedder.EclipseLogger - Using 'UTF-8' encoding to copy filtered resources.
2018-06-14 12:14:59,093 [Worker-60] INFO  o.e.m.c.i.embedder.EclipseLogger - skip non existing resourceDirectory C:\Users\migui\Desktop\Login-Prueba\myapplication\src\test\resources
2018-06-14 12:16:18,847 [Worker-61] INFO  o.e.m.c.i.embedder.EclipseLogger - Using 'UTF-8' encoding to copy filtered resources.
2018-06-14 12:16:18,849 [Worker-61] INFO  o.e.m.c.i.embedder.EclipseLogger - Copying 5 resources
2018-06-14 12:16:18,852 [Worker-61] INFO  o.e.m.c.i.embedder.EclipseLogger - Using 'UTF-8' encoding to copy filtered resources.
2018-06-14 12:16:18,864 [Worker-61] INFO  o.e.m.c.i.embedder.EclipseLogger - skip non existing resourceDirectory C:\Users\migui\Desktop\Login-Prueba\myapplication\src\test\resources
2018-06-14 12:18:10,852 [Worker-48] INFO  o.e.m.c.i.embedder.EclipseLogger - Using 'UTF-8' encoding to copy filtered resources.
2018-06-14 12:18:10,863 [Worker-48] INFO  o.e.m.c.i.embedder.EclipseLogger - Copying 5 resources
2018-06-14 12:18:10,872 [Worker-48] INFO  o.e.m.c.i.embedder.EclipseLogger - Using 'UTF-8' encoding to copy filtered resources.
2018-06-14 12:18:10,881 [Worker-48] INFO  o.e.m.c.i.embedder.EclipseLogger - skip non existing resourceDirectory C:\Users\migui\Desktop\Login-Prueba\myapplication\src\test\resources
2018-06-14 12:19:31,141 [Worker-58] INFO  o.e.m.c.i.embedder.EclipseLogger - Using 'UTF-8' encoding to copy filtered resources.
2018-06-14 12:19:31,143 [Worker-58] INFO  o.e.m.c.i.embedder.EclipseLogger - Copying 5 resources
2018-06-14 12:19:31,147 [Worker-58] INFO  o.e.m.c.i.embedder.EclipseLogger - Using 'UTF-8' encoding to copy filtered resources.
2018-06-14 12:19:31,155 [Worker-58] INFO  o.e.m.c.i.embedder.EclipseLogger - skip non existing resourceDirectory C:\Users\migui\Desktop\Login-Prueba\myapplication\src\test\resources
2018-06-14 12:23:02,842 [Worker-63] INFO  o.e.m.c.i.embedder.EclipseLogger - Using 'UTF-8' encoding to copy filtered resources.
2018-06-14 12:23:02,856 [Worker-63] INFO  o.e.m.c.i.embedder.EclipseLogger - Copying 5 resources
2018-06-14 12:23:02,872 [Worker-63] INFO  o.e.m.c.i.embedder.EclipseLogger - Using 'UTF-8' encoding to copy filtered resources.
2018-06-14 12:23:02,884 [Worker-63] INFO  o.e.m.c.i.embedder.EclipseLogger - skip non existing resourceDirectory C:\Users\migui\Desktop\Login-Prueba\myapplication\src\test\resources
2018-06-14 12:24:25,385 [Worker-63] INFO  o.e.m.c.i.embedder.EclipseLogger - Using 'UTF-8' encoding to copy filtered resources.
2018-06-14 12:24:25,387 [Worker-63] INFO  o.e.m.c.i.embedder.EclipseLogger - Copying 5 resources
2018-06-14 12:24:25,391 [Worker-63] INFO  o.e.m.c.i.embedder.EclipseLogger - Using 'UTF-8' encoding to copy filtered resources.
2018-06-14 12:24:25,401 [Worker-63] INFO  o.e.m.c.i.embedder.EclipseLogger - skip non existing resourceDirectory C:\Users\migui\Desktop\Login-Prueba\myapplication\src\test\resources
2018-06-14 12:27:46,011 [Worker-65] INFO  o.e.m.c.i.embedder.EclipseLogger - Using 'UTF-8' encoding to copy filtered resources.
2018-06-14 12:27:46,024 [Worker-65] INFO  o.e.m.c.i.embedder.EclipseLogger - Copying 5 resources
2018-06-14 12:27:46,038 [Worker-65] INFO  o.e.m.c.i.embedder.EclipseLogger - Using 'UTF-8' encoding to copy filtered resources.
2018-06-14 12:27:46,045 [Worker-65] INFO  o.e.m.c.i.embedder.EclipseLogger - skip non existing resourceDirectory C:\Users\migui\Desktop\Login-Prueba\myapplication\src\test\resources
2018-06-14 12:30:19,003 [Worker-69] INFO  o.e.m.c.i.embedder.EclipseLogger - Using 'UTF-8' encoding to copy filtered resources.
2018-06-14 12:30:19,006 [Worker-69] INFO  o.e.m.c.i.embedder.EclipseLogger - Copying 5 resources
2018-06-14 12:30:19,009 [Worker-69] INFO  o.e.m.c.i.embedder.EclipseLogger - Using 'UTF-8' encoding to copy filtered resources.
2018-06-14 12:30:19,022 [Worker-69] INFO  o.e.m.c.i.embedder.EclipseLogger - skip non existing resourceDirectory C:\Users\migui\Desktop\Login-Prueba\myapplication\src\test\resources
2018-06-14 12:35:34,494 [Worker-61] INFO  o.e.m.c.i.embedder.EclipseLogger - Using 'UTF-8' encoding to copy filtered resources.
2018-06-14 12:35:34,501 [Worker-61] INFO  o.e.m.c.i.embedder.EclipseLogger - Copying 5 resources
2018-06-14 12:35:34,509 [Worker-61] INFO  o.e.m.c.i.embedder.EclipseLogger - Using 'UTF-8' encoding to copy filtered resources.
2018-06-14 12:35:34,515 [Worker-61] INFO  o.e.m.c.i.embedder.EclipseLogger - skip non existing resourceDirectory C:\Users\migui\Desktop\Login-Prueba\myapplication\src\test\resources
2018-06-14 12:36:39,264 [Worker-61] INFO  o.e.m.c.i.embedder.EclipseLogger - Using 'UTF-8' encoding to copy filtered resources.
2018-06-14 12:36:39,266 [Worker-61] INFO  o.e.m.c.i.embedder.EclipseLogger - Copying 5 resources
2018-06-14 12:36:39,268 [Worker-61] INFO  o.e.m.c.i.embedder.EclipseLogger - Using 'UTF-8' encoding to copy filtered resources.
2018-06-14 12:36:39,275 [Worker-61] INFO  o.e.m.c.i.embedder.EclipseLogger - skip non existing resourceDirectory C:\Users\migui\Desktop\Login-Prueba\myapplication\src\test\resources
2018-06-14 12:38:40,695 [Worker-73] INFO  o.e.m.c.i.embedder.EclipseLogger - Using 'UTF-8' encoding to copy filtered resources.
2018-06-14 12:38:40,724 [Worker-73] INFO  o.e.m.c.i.embedder.EclipseLogger - Copying 6 resources
2018-06-14 12:38:40,736 [Worker-73] INFO  o.e.m.c.i.embedder.EclipseLogger - Using 'UTF-8' encoding to copy filtered resources.
2018-06-14 12:38:40,742 [Worker-73] INFO  o.e.m.c.i.embedder.EclipseLogger - skip non existing resourceDirectory C:\Users\migui\Desktop\Login-Prueba\myapplication\src\test\resources
2018-06-14 12:38:42,915 [Worker-72] INFO  o.e.m.c.i.embedder.EclipseLogger - Using 'UTF-8' encoding to copy filtered resources.
2018-06-14 12:38:42,918 [Worker-72] INFO  o.e.m.c.i.embedder.EclipseLogger - Copying 6 resources
2018-06-14 12:38:42,921 [Worker-72] INFO  o.e.m.c.i.embedder.EclipseLogger - Using 'UTF-8' encoding to copy filtered resources.
2018-06-14 12:38:42,930 [Worker-72] INFO  o.e.m.c.i.embedder.EclipseLogger - skip non existing resourceDirectory C:\Users\migui\Desktop\Login-Prueba\myapplication\src\test\resources
2018-06-14 12:38:44,083 [Worker-72] INFO  o.e.m.c.i.embedder.EclipseLogger - Using 'UTF-8' encoding to copy filtered resources.
2018-06-14 12:38:44,091 [Worker-72] INFO  o.e.m.c.i.embedder.EclipseLogger - Copying 6 resources
2018-06-14 12:38:44,099 [Worker-72] INFO  o.e.m.c.i.embedder.EclipseLogger - Using 'UTF-8' encoding to copy filtered resources.
2018-06-14 12:38:44,107 [Worker-72] INFO  o.e.m.c.i.embedder.EclipseLogger - skip non existing resourceDirectory C:\Users\migui\Desktop\Login-Prueba\myapplication\src\test\resources
2018-06-14 12:38:47,159 [Worker-61] INFO  o.e.m.c.i.embedder.EclipseLogger - Using 'UTF-8' encoding to copy filtered resources.
2018-06-14 12:38:47,161 [Worker-61] INFO  o.e.m.c.i.embedder.EclipseLogger - Copying 6 resources
2018-06-14 12:38:47,163 [Worker-61] INFO  o.e.m.c.i.embedder.EclipseLogger - Using 'UTF-8' encoding to copy filtered resources.
2018-06-14 12:38:47,171 [Worker-61] INFO  o.e.m.c.i.embedder.EclipseLogger - skip non existing resourceDirectory C:\Users\migui\Desktop\Login-Prueba\myapplication\src\test\resources
2018-06-14 12:38:54,953 [Worker-76] INFO  o.e.m.c.i.embedder.EclipseLogger - Using 'UTF-8' encoding to copy filtered resources.
2018-06-14 12:38:54,974 [Worker-76] INFO  o.e.m.c.i.embedder.EclipseLogger - Copying 0 resource
2018-06-14 12:38:54,987 [Worker-76] INFO  o.e.m.c.i.embedder.EclipseLogger - Using 'UTF-8' encoding to copy filtered resources.
2018-06-14 12:38:54,999 [Worker-76] INFO  o.e.m.c.i.embedder.EclipseLogger - skip non existing resourceDirectory C:\Users\migui\Desktop\Login-Prueba\myapplication\src\test\resources
2018-06-14 12:39:00,719 [Worker-75] INFO  o.e.m.c.i.embedder.EclipseLogger - Using 'UTF-8' encoding to copy filtered resources.
2018-06-14 12:39:00,721 [Worker-75] INFO  o.e.m.c.i.embedder.EclipseLogger - Copying 5 resources
2018-06-14 12:39:00,723 [Worker-75] INFO  o.e.m.c.i.embedder.EclipseLogger - Using 'UTF-8' encoding to copy filtered resources.
2018-06-14 12:39:00,729 [Worker-75] INFO  o.e.m.c.i.embedder.EclipseLogger - skip non existing resourceDirectory C:\Users\migui\Desktop\Login-Prueba\myapplication\src\test\resources
2018-06-14 12:39:27,924 [Worker-77] INFO  o.e.m.c.i.embedder.EclipseLogger - Using 'UTF-8' encoding to copy filtered resources.
2018-06-14 12:39:27,931 [Worker-77] INFO  o.e.m.c.i.embedder.EclipseLogger - Copying 6 resources
2018-06-14 12:39:27,942 [Worker-77] INFO  o.e.m.c.i.embedder.EclipseLogger - Using 'UTF-8' encoding to copy filtered resources.
2018-06-14 12:39:27,948 [Worker-77] INFO  o.e.m.c.i.embedder.EclipseLogger - skip non existing resourceDirectory C:\Users\migui\Desktop\Login-Prueba\myapplication\src\test\resources
2018-06-14 12:39:30,007 [Worker-73] INFO  o.e.m.c.i.embedder.EclipseLogger - Using 'UTF-8' encoding to copy filtered resources.
2018-06-14 12:39:30,009 [Worker-73] INFO  o.e.m.c.i.embedder.EclipseLogger - Copying 6 resources
2018-06-14 12:39:30,012 [Worker-73] INFO  o.e.m.c.i.embedder.EclipseLogger - Using 'UTF-8' encoding to copy filtered resources.
2018-06-14 12:39:30,044 [Worker-73] INFO  o.e.m.c.i.embedder.EclipseLogger - skip non existing resourceDirectory C:\Users\migui\Desktop\Login-Prueba\myapplication\src\test\resources
2018-06-14 12:39:32,138 [Worker-61] INFO  o.e.m.c.i.embedder.EclipseLogger - Using 'UTF-8' encoding to copy filtered resources.
2018-06-14 12:39:32,182 [Worker-61] INFO  o.e.m.c.i.embedder.EclipseLogger - Copying 6 resources
2018-06-14 12:39:32,199 [Worker-61] INFO  o.e.m.c.i.embedder.EclipseLogger - Using 'UTF-8' encoding to copy filtered resources.
2018-06-14 12:39:32,209 [Worker-61] INFO  o.e.m.c.i.embedder.EclipseLogger - skip non existing resourceDirectory C:\Users\migui\Desktop\Login-Prueba\myapplication\src\test\resources
2018-06-14 12:39:33,282 [Worker-75] INFO  o.e.m.c.i.embedder.EclipseLogger - Using 'UTF-8' encoding to copy filtered resources.
2018-06-14 12:39:33,283 [Worker-75] INFO  o.e.m.c.i.embedder.EclipseLogger - Copying 6 resources
2018-06-14 12:39:33,286 [Worker-75] INFO  o.e.m.c.i.embedder.EclipseLogger - Using 'UTF-8' encoding to copy filtered resources.
2018-06-14 12:39:33,292 [Worker-75] INFO  o.e.m.c.i.embedder.EclipseLogger - skip non existing resourceDirectory C:\Users\migui\Desktop\Login-Prueba\myapplication\src\test\resources
2018-06-14 12:39:56,603 [Worker-77] INFO  o.e.m.c.i.embedder.EclipseLogger - Using 'UTF-8' encoding to copy filtered resources.
2018-06-14 12:39:56,605 [Worker-77] INFO  o.e.m.c.i.embedder.EclipseLogger - Copying 6 resources
2018-06-14 12:39:56,618 [Worker-77] INFO  o.e.m.c.i.embedder.EclipseLogger - Using 'UTF-8' encoding to copy filtered resources.
2018-06-14 12:39:56,629 [Worker-77] INFO  o.e.m.c.i.embedder.EclipseLogger - skip non existing resourceDirectory C:\Users\migui\Desktop\Login-Prueba\myapplication\src\test\resources
2018-06-14 12:39:57,718 [Worker-76] INFO  o.e.m.c.i.embedder.EclipseLogger - Using 'UTF-8' encoding to copy filtered resources.
2018-06-14 12:39:57,720 [Worker-76] INFO  o.e.m.c.i.embedder.EclipseLogger - Copying 6 resources
2018-06-14 12:39:57,723 [Worker-76] INFO  o.e.m.c.i.embedder.EclipseLogger - Using 'UTF-8' encoding to copy filtered resources.
2018-06-14 12:39:57,730 [Worker-76] INFO  o.e.m.c.i.embedder.EclipseLogger - skip non existing resourceDirectory C:\Users\migui\Desktop\Login-Prueba\myapplication\src\test\resources
2018-06-14 12:40:36,213 [Worker-61] INFO  o.e.m.c.i.embedder.EclipseLogger - Using 'UTF-8' encoding to copy filtered resources.
2018-06-14 12:40:36,221 [Worker-61] INFO  o.e.m.c.i.embedder.EclipseLogger - Copying 6 resources
2018-06-14 12:40:36,232 [Worker-61] INFO  o.e.m.c.i.embedder.EclipseLogger - Using 'UTF-8' encoding to copy filtered resources.
2018-06-14 12:40:36,237 [Worker-61] INFO  o.e.m.c.i.embedder.EclipseLogger - skip non existing resourceDirectory C:\Users\migui\Desktop\Login-Prueba\myapplication\src\test\resources
2018-06-14 12:42:51,418 [Worker-78] INFO  o.e.m.c.i.embedder.EclipseLogger - Using 'UTF-8' encoding to copy filtered resources.
2018-06-14 12:42:51,422 [Worker-78] INFO  o.e.m.c.i.embedder.EclipseLogger - Copying 6 resources
2018-06-14 12:42:51,422 [Worker-78] INFO  o.e.m.c.i.embedder.EclipseLogger - Using 'UTF-8' encoding to copy filtered resources.
2018-06-14 12:42:51,434 [Worker-78] INFO  o.e.m.c.i.embedder.EclipseLogger - skip non existing resourceDirectory C:\Users\migui\Desktop\Login-Prueba\myapplication\src\test\resources
2018-06-14 12:45:27,016 [Worker-79] INFO  o.e.m.c.i.embedder.EclipseLogger - Using 'UTF-8' encoding to copy filtered resources.
2018-06-14 12:45:27,060 [Worker-79] INFO  o.e.m.c.i.embedder.EclipseLogger - Copying 6 resources
2018-06-14 12:45:27,072 [Worker-79] INFO  o.e.m.c.i.embedder.EclipseLogger - Using 'UTF-8' encoding to copy filtered resources.
2018-06-14 12:45:27,084 [Worker-79] INFO  o.e.m.c.i.embedder.EclipseLogger - skip non existing resourceDirectory C:\Users\migui\Desktop\Login-Prueba\myapplication\src\test\resources
2018-06-14 12:56:10,057 [Worker-82] INFO  o.e.m.c.i.embedder.EclipseLogger - Using 'UTF-8' encoding to copy filtered resources.
2018-06-14 12:56:10,061 [Worker-82] INFO  o.e.m.c.i.embedder.EclipseLogger - Copying 6 resources
2018-06-14 12:56:10,065 [Worker-82] INFO  o.e.m.c.i.embedder.EclipseLogger - Using 'UTF-8' encoding to copy filtered resources.
2018-06-14 12:56:10,093 [Worker-82] INFO  o.e.m.c.i.embedder.EclipseLogger - skip non existing resourceDirectory C:\Users\migui\Desktop\Login-Prueba\myapplication\src\test\resources
2018-06-14 12:56:21,719 [Worker-78] INFO  o.e.m.c.i.embedder.EclipseLogger - Using 'UTF-8' encoding to copy filtered resources.
2018-06-14 12:56:21,727 [Worker-78] INFO  o.e.m.c.i.embedder.EclipseLogger - Copying 6 resources
2018-06-14 12:56:21,735 [Worker-78] INFO  o.e.m.c.i.embedder.EclipseLogger - Using 'UTF-8' encoding to copy filtered resources.
2018-06-14 12:56:21,739 [Worker-78] INFO  o.e.m.c.i.embedder.EclipseLogger - skip non existing resourceDirectory C:\Users\migui\Desktop\Login-Prueba\myapplication\src\test\resources
2018-06-14 13:01:50,885 [Worker-83] INFO  o.e.m.c.i.embedder.EclipseLogger - Using 'UTF-8' encoding to copy filtered resources.
2018-06-14 13:01:50,889 [Worker-83] INFO  o.e.m.c.i.embedder.EclipseLogger - Copying 6 resources
2018-06-14 13:01:50,893 [Worker-83] INFO  o.e.m.c.i.embedder.EclipseLogger - Using 'UTF-8' encoding to copy filtered resources.
2018-06-14 13:01:50,897 [Worker-83] INFO  o.e.m.c.i.embedder.EclipseLogger - skip non existing resourceDirectory C:\Users\migui\Desktop\Login-Prueba\myapplication\src\test\resources
2018-06-14 13:02:31,849 [Worker-83] INFO  o.e.m.c.i.embedder.EclipseLogger - Using 'UTF-8' encoding to copy filtered resources.
2018-06-14 13:02:31,865 [Worker-83] INFO  o.e.m.c.i.embedder.EclipseLogger - Copying 6 resources
2018-06-14 13:02:31,881 [Worker-83] INFO  o.e.m.c.i.embedder.EclipseLogger - Using 'UTF-8' encoding to copy filtered resources.
2018-06-14 13:02:31,897 [Worker-83] INFO  o.e.m.c.i.embedder.EclipseLogger - skip non existing resourceDirectory C:\Users\migui\Desktop\Login-Prueba\myapplication\src\test\resources
2018-06-14 13:04:01,775 [Worker-79] INFO  o.e.m.c.i.embedder.EclipseLogger - Using 'UTF-8' encoding to copy filtered resources.
2018-06-14 13:04:01,779 [Worker-79] INFO  o.e.m.c.i.embedder.EclipseLogger - Copying 6 resources
2018-06-14 13:04:01,783 [Worker-79] INFO  o.e.m.c.i.embedder.EclipseLogger - Using 'UTF-8' encoding to copy filtered resources.
2018-06-14 13:04:01,787 [Worker-79] INFO  o.e.m.c.i.embedder.EclipseLogger - skip non existing resourceDirectory C:\Users\migui\Desktop\Login-Prueba\myapplication\src\test\resources
2018-06-14 13:04:25,864 [Worker-84] INFO  o.e.m.c.i.embedder.EclipseLogger - Using 'UTF-8' encoding to copy filtered resources.
2018-06-14 13:04:25,872 [Worker-84] INFO  o.e.m.c.i.embedder.EclipseLogger - Copying 6 resources
2018-06-14 13:04:25,884 [Worker-84] INFO  o.e.m.c.i.embedder.EclipseLogger - Using 'UTF-8' encoding to copy filtered resources.
2018-06-14 13:04:25,892 [Worker-84] INFO  o.e.m.c.i.embedder.EclipseLogger - skip non existing resourceDirectory C:\Users\migui\Desktop\Login-Prueba\myapplication\src\test\resources
2018-06-14 13:08:32,564 [Worker-84] INFO  o.e.m.c.i.embedder.EclipseLogger - Using 'UTF-8' encoding to copy filtered resources.
2018-06-14 13:08:32,564 [Worker-84] INFO  o.e.m.c.i.embedder.EclipseLogger - Copying 6 resources
2018-06-14 13:08:32,568 [Worker-84] INFO  o.e.m.c.i.embedder.EclipseLogger - Using 'UTF-8' encoding to copy filtered resources.
2018-06-14 13:08:32,608 [Worker-84] INFO  o.e.m.c.i.embedder.EclipseLogger - skip non existing resourceDirectory C:\Users\migui\Desktop\Login-Prueba\myapplication\src\test\resources
2018-06-14 13:08:44,236 [Worker-80] INFO  o.e.m.c.i.embedder.EclipseLogger - Using 'UTF-8' encoding to copy filtered resources.
2018-06-14 13:08:44,244 [Worker-80] INFO  o.e.m.c.i.embedder.EclipseLogger - Copying 6 resources
2018-06-14 13:08:44,252 [Worker-80] INFO  o.e.m.c.i.embedder.EclipseLogger - Using 'UTF-8' encoding to copy filtered resources.
2018-06-14 13:08:44,256 [Worker-80] INFO  o.e.m.c.i.embedder.EclipseLogger - skip non existing resourceDirectory C:\Users\migui\Desktop\Login-Prueba\myapplication\src\test\resources
2018-06-14 13:12:47,384 [Worker-78] INFO  o.e.m.c.i.embedder.EclipseLogger - Using 'UTF-8' encoding to copy filtered resources.
2018-06-14 13:12:47,388 [Worker-78] INFO  o.e.m.c.i.embedder.EclipseLogger - Copying 6 resources
2018-06-14 13:12:47,392 [Worker-78] INFO  o.e.m.c.i.embedder.EclipseLogger - Using 'UTF-8' encoding to copy filtered resources.
2018-06-14 13:12:47,432 [Worker-78] INFO  o.e.m.c.i.embedder.EclipseLogger - skip non existing resourceDirectory C:\Users\migui\Desktop\Login-Prueba\myapplication\src\test\resources
2018-06-14 13:15:15,924 [Worker-78] INFO  o.e.m.c.i.embedder.EclipseLogger - Using 'UTF-8' encoding to copy filtered resources.
2018-06-14 13:15:15,936 [Worker-78] INFO  o.e.m.c.i.embedder.EclipseLogger - Copying 6 resources
2018-06-14 13:15:15,948 [Worker-78] INFO  o.e.m.c.i.embedder.EclipseLogger - Using 'UTF-8' encoding to copy filtered resources.
2018-06-14 13:15:15,958 [Worker-78] INFO  o.e.m.c.i.embedder.EclipseLogger - skip non existing resourceDirectory C:\Users\migui\Desktop\Login-Prueba\myapplication\src\test\resources
2018-06-14 13:15:18,269 [Worker-84] INFO  o.e.m.c.i.embedder.EclipseLogger - Using 'UTF-8' encoding to copy filtered resources.
2018-06-14 13:15:18,271 [Worker-84] INFO  o.e.m.c.i.embedder.EclipseLogger - Copying 6 resources
2018-06-14 13:15:18,274 [Worker-84] INFO  o.e.m.c.i.embedder.EclipseLogger - Using 'UTF-8' encoding to copy filtered resources.
2018-06-14 13:15:18,283 [Worker-84] INFO  o.e.m.c.i.embedder.EclipseLogger - skip non existing resourceDirectory C:\Users\migui\Desktop\Login-Prueba\myapplication\src\test\resources
2018-06-14 13:16:03,064 [Worker-78] INFO  o.e.m.c.i.embedder.EclipseLogger - Using 'UTF-8' encoding to copy filtered resources.
2018-06-14 13:16:03,071 [Worker-78] INFO  o.e.m.c.i.embedder.EclipseLogger - Copying 7 resources
2018-06-14 13:16:03,082 [Worker-78] INFO  o.e.m.c.i.embedder.EclipseLogger - Using 'UTF-8' encoding to copy filtered resources.
2018-06-14 13:16:03,088 [Worker-78] INFO  o.e.m.c.i.embedder.EclipseLogger - skip non existing resourceDirectory C:\Users\migui\Desktop\Login-Prueba\myapplication\src\test\resources
2018-06-14 13:16:05,186 [Worker-84] INFO  o.e.m.c.i.embedder.EclipseLogger - Using 'UTF-8' encoding to copy filtered resources.
2018-06-14 13:16:05,188 [Worker-84] INFO  o.e.m.c.i.embedder.EclipseLogger - Copying 7 resources
2018-06-14 13:16:05,190 [Worker-84] INFO  o.e.m.c.i.embedder.EclipseLogger - Using 'UTF-8' encoding to copy filtered resources.
2018-06-14 13:16:05,199 [Worker-84] INFO  o.e.m.c.i.embedder.EclipseLogger - skip non existing resourceDirectory C:\Users\migui\Desktop\Login-Prueba\myapplication\src\test\resources
2018-06-14 13:16:07,289 [Worker-78] INFO  o.e.m.c.i.embedder.EclipseLogger - Using 'UTF-8' encoding to copy filtered resources.
2018-06-14 13:16:07,300 [Worker-78] INFO  o.e.m.c.i.embedder.EclipseLogger - Copying 7 resources
2018-06-14 13:16:07,314 [Worker-78] INFO  o.e.m.c.i.embedder.EclipseLogger - Using 'UTF-8' encoding to copy filtered resources.
2018-06-14 13:16:07,323 [Worker-78] INFO  o.e.m.c.i.embedder.EclipseLogger - skip non existing resourceDirectory C:\Users\migui\Desktop\Login-Prueba\myapplication\src\test\resources
2018-06-14 13:16:08,503 [Worker-80] INFO  o.e.m.c.i.embedder.EclipseLogger - Using 'UTF-8' encoding to copy filtered resources.
2018-06-14 13:16:08,506 [Worker-80] INFO  o.e.m.c.i.embedder.EclipseLogger - Copying 7 resources
2018-06-14 13:16:08,509 [Worker-80] INFO  o.e.m.c.i.embedder.EclipseLogger - Using 'UTF-8' encoding to copy filtered resources.
2018-06-14 13:16:08,546 [Worker-80] INFO  o.e.m.c.i.embedder.EclipseLogger - skip non existing resourceDirectory C:\Users\migui\Desktop\Login-Prueba\myapplication\src\test\resources
2018-06-14 13:18:23,354 [Worker-80] INFO  o.e.m.c.i.embedder.EclipseLogger - Using 'UTF-8' encoding to copy filtered resources.
2018-06-14 13:18:23,362 [Worker-80] INFO  o.e.m.c.i.embedder.EclipseLogger - Copying 7 resources
2018-06-14 13:18:23,375 [Worker-80] INFO  o.e.m.c.i.embedder.EclipseLogger - Using 'UTF-8' encoding to copy filtered resources.
2018-06-14 13:18:23,384 [Worker-80] INFO  o.e.m.c.i.embedder.EclipseLogger - skip non existing resourceDirectory C:\Users\migui\Desktop\Login-Prueba\myapplication\src\test\resources
2018-06-14 13:19:15,773 [Worker-87] INFO  o.e.m.c.i.embedder.EclipseLogger - Using 'UTF-8' encoding to copy filtered resources.
2018-06-14 13:19:15,775 [Worker-87] INFO  o.e.m.c.i.embedder.EclipseLogger - Copying 7 resources
2018-06-14 13:19:15,778 [Worker-87] INFO  o.e.m.c.i.embedder.EclipseLogger - Using 'UTF-8' encoding to copy filtered resources.
2018-06-14 13:19:15,790 [Worker-87] INFO  o.e.m.c.i.embedder.EclipseLogger - skip non existing resourceDirectory C:\Users\migui\Desktop\Login-Prueba\myapplication\src\test\resources
2018-06-14 13:24:24,709 [Worker-88] INFO  o.e.m.c.i.embedder.EclipseLogger - Using 'UTF-8' encoding to copy filtered resources.
2018-06-14 13:24:24,721 [Worker-88] INFO  o.e.m.c.i.embedder.EclipseLogger - Copying 7 resources
2018-06-14 13:24:24,740 [Worker-88] INFO  o.e.m.c.i.embedder.EclipseLogger - Using 'UTF-8' encoding to copy filtered resources.
2018-06-14 13:24:24,749 [Worker-88] INFO  o.e.m.c.i.embedder.EclipseLogger - skip non existing resourceDirectory C:\Users\migui\Desktop\Login-Prueba\myapplication\src\test\resources
2018-06-14 13:24:25,846 [Worker-86] INFO  o.e.m.c.i.embedder.EclipseLogger - Using 'UTF-8' encoding to copy filtered resources.
2018-06-14 13:24:25,848 [Worker-86] INFO  o.e.m.c.i.embedder.EclipseLogger - Copying 7 resources
2018-06-14 13:24:25,852 [Worker-86] INFO  o.e.m.c.i.embedder.EclipseLogger - Using 'UTF-8' encoding to copy filtered resources.
2018-06-14 13:24:25,862 [Worker-86] INFO  o.e.m.c.i.embedder.EclipseLogger - skip non existing resourceDirectory C:\Users\migui\Desktop\Login-Prueba\myapplication\src\test\resources
2018-06-14 13:24:51,695 [Worker-83] INFO  o.e.m.c.i.embedder.EclipseLogger - Using 'UTF-8' encoding to copy filtered resources.
2018-06-14 13:24:51,697 [Worker-83] INFO  o.e.m.c.i.embedder.EclipseLogger - Copying 7 resources
2018-06-14 13:24:51,706 [Worker-83] INFO  o.e.m.c.i.embedder.EclipseLogger - Using 'UTF-8' encoding to copy filtered resources.
2018-06-14 13:24:51,713 [Worker-83] INFO  o.e.m.c.i.embedder.EclipseLogger - skip non existing resourceDirectory C:\Users\migui\Desktop\Login-Prueba\myapplication\src\test\resources
2018-06-14 13:32:03,221 [Worker-88] INFO  o.e.m.c.i.embedder.EclipseLogger - Using 'UTF-8' encoding to copy filtered resources.
2018-06-14 13:32:03,224 [Worker-88] INFO  o.e.m.c.i.embedder.EclipseLogger - Copying 7 resources
2018-06-14 13:32:03,227 [Worker-88] INFO  o.e.m.c.i.embedder.EclipseLogger - Using 'UTF-8' encoding to copy filtered resources.
2018-06-14 13:32:03,272 [Worker-88] INFO  o.e.m.c.i.embedder.EclipseLogger - skip non existing resourceDirectory C:\Users\migui\Desktop\Login-Prueba\myapplication\src\test\resources
2018-06-14 13:33:44,750 [Worker-87] INFO  o.e.m.c.i.embedder.EclipseLogger - Using 'UTF-8' encoding to copy filtered resources.
2018-06-14 13:33:44,761 [Worker-87] INFO  o.e.m.c.i.embedder.EclipseLogger - Copying 7 resources
2018-06-14 13:33:44,771 [Worker-87] INFO  o.e.m.c.i.embedder.EclipseLogger - Using 'UTF-8' encoding to copy filtered resources.
2018-06-14 13:33:44,788 [Worker-87] INFO  o.e.m.c.i.embedder.EclipseLogger - skip non existing resourceDirectory C:\Users\migui\Desktop\Login-Prueba\myapplication\src\test\resources
2018-06-14 13:43:46,315 [Worker-92] INFO  o.e.m.c.i.embedder.EclipseLogger - Using 'UTF-8' encoding to copy filtered resources.
2018-06-14 13:43:46,319 [Worker-92] INFO  o.e.m.c.i.embedder.EclipseLogger - Copying 7 resources
2018-06-14 13:43:46,319 [Worker-92] INFO  o.e.m.c.i.embedder.EclipseLogger - Using 'UTF-8' encoding to copy filtered resources.
2018-06-14 13:43:46,391 [Worker-92] INFO  o.e.m.c.i.embedder.EclipseLogger - skip non existing resourceDirectory C:\Users\migui\Desktop\Login-Prueba\myapplication\src\test\resources
2018-06-14 13:47:43,580 [Worker-89] INFO  o.e.m.c.i.embedder.EclipseLogger - Using 'UTF-8' encoding to copy filtered resources.
2018-06-14 13:47:43,614 [Worker-89] INFO  o.e.m.c.i.embedder.EclipseLogger - Copying 7 resources
2018-06-14 13:47:43,628 [Worker-89] INFO  o.e.m.c.i.embedder.EclipseLogger - Using 'UTF-8' encoding to copy filtered resources.
2018-06-14 13:47:43,639 [Worker-89] INFO  o.e.m.c.i.embedder.EclipseLogger - skip non existing resourceDirectory C:\Users\migui\Desktop\Login-Prueba\myapplication\src\test\resources
2018-06-14 13:53:53,423 [Worker-92] INFO  o.e.m.c.i.embedder.EclipseLogger - Using 'UTF-8' encoding to copy filtered resources.
2018-06-14 13:53:53,427 [Worker-92] INFO  o.e.m.c.i.embedder.EclipseLogger - Copying 7 resources
2018-06-14 13:53:53,427 [Worker-92] INFO  o.e.m.c.i.embedder.EclipseLogger - Using 'UTF-8' encoding to copy filtered resources.
2018-06-14 13:53:53,463 [Worker-92] INFO  o.e.m.c.i.embedder.EclipseLogger - skip non existing resourceDirectory C:\Users\migui\Desktop\Login-Prueba\myapplication\src\test\resources
2018-06-14 13:55:24,244 [Worker-83] INFO  o.e.m.c.i.embedder.EclipseLogger - Using 'UTF-8' encoding to copy filtered resources.
2018-06-14 13:55:24,248 [Worker-83] INFO  o.e.m.c.i.embedder.EclipseLogger - Copying 7 resources
2018-06-14 13:55:24,260 [Worker-83] INFO  o.e.m.c.i.embedder.EclipseLogger - Using 'UTF-8' encoding to copy filtered resources.
2018-06-14 13:55:24,268 [Worker-83] INFO  o.e.m.c.i.embedder.EclipseLogger - skip non existing resourceDirectory C:\Users\migui\Desktop\Login-Prueba\myapplication\src\test\resources
2018-06-14 13:57:24,426 [Worker-97] INFO  o.e.m.c.i.embedder.EclipseLogger - Using 'UTF-8' encoding to copy filtered resources.
2018-06-14 13:57:24,428 [Worker-97] INFO  o.e.m.c.i.embedder.EclipseLogger - Copying 7 resources
2018-06-14 13:57:24,430 [Worker-97] INFO  o.e.m.c.i.embedder.EclipseLogger - Using 'UTF-8' encoding to copy filtered resources.
2018-06-14 13:57:24,436 [Worker-97] INFO  o.e.m.c.i.embedder.EclipseLogger - skip non existing resourceDirectory C:\Users\migui\Desktop\Login-Prueba\myapplication\src\test\resources
2018-06-14 13:59:26,753 [Worker-98] INFO  o.e.m.c.i.embedder.EclipseLogger - Using 'UTF-8' encoding to copy filtered resources.
2018-06-14 13:59:26,761 [Worker-98] INFO  o.e.m.c.i.embedder.EclipseLogger - Copying 7 resources
2018-06-14 13:59:26,769 [Worker-98] INFO  o.e.m.c.i.embedder.EclipseLogger - Using 'UTF-8' encoding to copy filtered resources.
2018-06-14 13:59:26,775 [Worker-98] INFO  o.e.m.c.i.embedder.EclipseLogger - skip non existing resourceDirectory C:\Users\migui\Desktop\Login-Prueba\myapplication\src\test\resources
2018-06-14 14:00:22,778 [Worker-98] INFO  o.e.m.c.i.embedder.EclipseLogger - Using 'UTF-8' encoding to copy filtered resources.
2018-06-14 14:00:22,781 [Worker-98] INFO  o.e.m.c.i.embedder.EclipseLogger - Copying 7 resources
2018-06-14 14:00:22,784 [Worker-98] INFO  o.e.m.c.i.embedder.EclipseLogger - Using 'UTF-8' encoding to copy filtered resources.
2018-06-14 14:00:22,790 [Worker-98] INFO  o.e.m.c.i.embedder.EclipseLogger - skip non existing resourceDirectory C:\Users\migui\Desktop\Login-Prueba\myapplication\src\test\resources
2018-06-14 14:01:30,178 [Worker-83] INFO  o.e.m.c.i.embedder.EclipseLogger - Using 'UTF-8' encoding to copy filtered resources.
2018-06-14 14:01:30,189 [Worker-83] INFO  o.e.m.c.i.embedder.EclipseLogger - Copying 7 resources
2018-06-14 14:01:30,199 [Worker-83] INFO  o.e.m.c.i.embedder.EclipseLogger - Using 'UTF-8' encoding to copy filtered resources.
2018-06-14 14:01:30,208 [Worker-83] INFO  o.e.m.c.i.embedder.EclipseLogger - skip non existing resourceDirectory C:\Users\migui\Desktop\Login-Prueba\myapplication\src\test\resources
2018-06-14 14:02:53,345 [Worker-99] INFO  o.e.m.c.i.embedder.EclipseLogger - Using 'UTF-8' encoding to copy filtered resources.
2018-06-14 14:02:53,347 [Worker-99] INFO  o.e.m.c.i.embedder.EclipseLogger - Copying 7 resources
2018-06-14 14:02:53,351 [Worker-99] INFO  o.e.m.c.i.embedder.EclipseLogger - Using 'UTF-8' encoding to copy filtered resources.
2018-06-14 14:02:53,360 [Worker-99] INFO  o.e.m.c.i.embedder.EclipseLogger - skip non existing resourceDirectory C:\Users\migui\Desktop\Login-Prueba\myapplication\src\test\resources
2018-06-14 14:05:29,650 [Worker-99] INFO  o.e.m.c.i.embedder.EclipseLogger - Using 'UTF-8' encoding to copy filtered resources.
2018-06-14 14:05:29,660 [Worker-99] INFO  o.e.m.c.i.embedder.EclipseLogger - Copying 7 resources
2018-06-14 14:05:29,672 [Worker-99] INFO  o.e.m.c.i.embedder.EclipseLogger - Using 'UTF-8' encoding to copy filtered resources.
2018-06-14 14:05:29,682 [Worker-99] INFO  o.e.m.c.i.embedder.EclipseLogger - skip non existing resourceDirectory C:\Users\migui\Desktop\Login-Prueba\myapplication\src\test\resources
2018-06-14 14:07:44,431 [Worker-97] INFO  o.e.m.c.i.embedder.EclipseLogger - Using 'UTF-8' encoding to copy filtered resources.
2018-06-14 14:07:44,433 [Worker-97] INFO  o.e.m.c.i.embedder.EclipseLogger - Copying 7 resources
2018-06-14 14:07:44,436 [Worker-97] INFO  o.e.m.c.i.embedder.EclipseLogger - Using 'UTF-8' encoding to copy filtered resources.
2018-06-14 14:07:44,447 [Worker-97] INFO  o.e.m.c.i.embedder.EclipseLogger - skip non existing resourceDirectory C:\Users\migui\Desktop\Login-Prueba\myapplication\src\test\resources
2018-06-14 14:11:28,179 [Worker-89] INFO  o.e.m.c.i.embedder.EclipseLogger - Using 'UTF-8' encoding to copy filtered resources.
2018-06-14 14:11:28,185 [Worker-89] INFO  o.e.m.c.i.embedder.EclipseLogger - Copying 0 resource
2018-06-14 14:11:28,194 [Worker-89] INFO  o.e.m.c.i.embedder.EclipseLogger - Using 'UTF-8' encoding to copy filtered resources.
2018-06-14 14:11:28,200 [Worker-89] INFO  o.e.m.c.i.embedder.EclipseLogger - skip non existing resourceDirectory C:\Users\migui\Desktop\Login-Prueba\myapplication\src\test\resources
2018-06-14 14:13:46,539 [Worker-101] INFO  o.e.m.c.i.embedder.EclipseLogger - Using 'UTF-8' encoding to copy filtered resources.
2018-06-14 14:13:46,541 [Worker-101] INFO  o.e.m.c.i.embedder.EclipseLogger - Copying 7 resources
2018-06-14 14:13:46,544 [Worker-101] INFO  o.e.m.c.i.embedder.EclipseLogger - Using 'UTF-8' encoding to copy filtered resources.
2018-06-14 14:13:46,553 [Worker-101] INFO  o.e.m.c.i.embedder.EclipseLogger - skip non existing resourceDirectory C:\Users\migui\Desktop\Login-Prueba\myapplication\src\test\resources
2018-06-14 14:14:49,801 [Worker-89] INFO  o.e.m.c.i.embedder.EclipseLogger - Using 'UTF-8' encoding to copy filtered resources.
2018-06-14 14:14:49,812 [Worker-89] INFO  o.e.m.c.i.embedder.EclipseLogger - Copying 7 resources
2018-06-14 14:14:49,821 [Worker-89] INFO  o.e.m.c.i.embedder.EclipseLogger - Using 'UTF-8' encoding to copy filtered resources.
2018-06-14 14:14:49,830 [Worker-89] INFO  o.e.m.c.i.embedder.EclipseLogger - skip non existing resourceDirectory C:\Users\migui\Desktop\Login-Prueba\myapplication\src\test\resources
